 36  1  6  1088.45540224000001 -0.02939945902620 ! nkpt, nspin, nstmax, beta, mu
 1  1  29  34 ! ik, ispn, minist, maxist
 0.55006950011793  -0.00000000000006 -0.00000000000000  0.00000000000000 0.00000000000000  -0.00000000000000 -0.00000000000000  0.00000000000000 0.00000000000000  0.00000000000000 0.00000000000000  -0.00000000000000
 -0.00000000000000  -0.00000000000000 0.06590378911011  -0.00000000000006 -0.00000000000000  -0.00000000000000 -0.00000000000000  0.00000000000000 0.00000000000000  0.00000000000000 -0.00000000000000  0.00000000000000
 0.00000000000000  0.00000000000000 -0.00000000000000  0.00000000000000 0.06590378911011  -0.00000000000006 -0.00000000000000  -0.00000000000000 0.00000000000000  0.00000000000000 0.00000000000000  0.00000000000000
 -0.00000000000000  -0.00000000000000 -0.00000000000000  -0.00000000000000 -0.00000000000000  0.00000000000000 0.00000000048862  -0.00000000000004 0.00000000000000  0.00000000000000 -0.00000000000000  0.00000000000000
 0.00000000000000  0.00000000000000 0.00000000000000  0.00000000000000 0.00000000000000  0.00000000000000 0.00000000000000  0.00000000000000 -0.00000003532854  -0.00000000000005 0.00000000000000  0.00000000000000
 0.00000000000000  0.00000000000000 -0.00000000000000  -0.00000000000000 0.00000000000000  -0.00000000000000 -0.00000000000000  -0.00000000000000 0.00000000000000  0.00000000000000 -0.00000009755888  -0.00000000000006
 2  1  29  34 ! ik, ispn, minist, maxist
 0.53850902629237  -0.00000000000005 -0.00000000000000  -0.00000000000000 0.00000956274327  0.00000272259326 0.00000000000000  -0.00000000000000 0.00000000000000  0.00000000000000 0.00000000000000  0.00000000000000
 -0.00000000000000  0.00000000000000 0.06551926503132  -0.00000000000005 -0.00000000000000  -0.00000000000000 0.00004968615669  0.00000000000000 -0.00477760921069  -0.00000000000000 -0.00000078854988  -0.00000000000000
 0.00000956274327  -0.00000272259326 -0.00000000000000  0.00000000000000 0.06580033390086  -0.00000000000007 -0.00000000000000  -0.00000000000000 -0.00000000000000  0.00000000000000 0.00000000000000  0.00000000000000
 0.00000000000000  0.00000000000000 0.00004968615669  -0.00000000000000 -0.00000000000000  0.00000000000000 0.00000003573463  -0.00000000000005 -0.00000362704153  0.00000000000000 -0.00000000059896  -0.00000000000000
 0.00000000000000  -0.00000000000000 -0.00477760921069  0.00000000000000 -0.00000000000000  -0.00000000000000 -0.00000362704153  -0.00000000000000 0.00034922837098  -0.00000000000005 0.00000005771821  0.00000000000000
 0.00000000000000  -0.00000000000000 -0.00000078854988  0.00000000000000 0.00000000000000  -0.00000000000000 -0.00000000059896  0.00000000000000 0.00000005771821  -0.00000000000000 -0.00000012049111  -0.00000000000005
 3  1  29  33 ! ik, ispn, minist, maxist
 0.50902278452316  -0.00000000000004 -0.00000000000000  -0.00000000000000 0.00002064588545  0.00000651103695 0.00000000000000  0.00000000000000 -0.00000000000000  -0.00000000000000
 -0.00000000000000  0.00000000000000 0.06452062983133  -0.00000000000005 0.00000000000000  0.00000000000000 0.00006384531754  0.00000000000001 0.00740247580407  -0.00000000000001
 0.00002064588545  -0.00000651103695 0.00000000000000  -0.00000000000000 0.06555238256805  -0.00000000000005 0.00000000000000  -0.00000000000000 -0.00000000000001  0.00000000000000
 0.00000000000000  -0.00000000000000 0.00006384531754  -0.00000000000001 0.00000000000000  0.00000000000000 0.00000005222903  -0.00000000000004 0.00000733800538  -0.00000000000000
 -0.00000000000000  0.00000000000000 0.00740247580407  0.00000000000001 -0.00000000000001  -0.00000000000000 0.00000733800538  0.00000000000000 0.00085197348591  -0.00000000000005
 4  1  29  33 ! ik, ispn, minist, maxist
 0.47056203260590  -0.00000000000006 0.00002720566453  0.00003088201534 -0.00000000000000  0.00000000000000 0.00000000000000  -0.00000000000000 -0.00000000000000  0.00000000000000
 0.00002720566453  -0.00003088201534 0.06514875425012  -0.00000000000006 -0.00000000000000  -0.00000000000000 -0.00000000000000  0.00000000000000 -0.00000000000000  -0.00000000000000
 -0.00000000000000  -0.00000000000000 -0.00000000000000  0.00000000000000 0.06210111419922  -0.00000000000005 -0.00006292215719  -0.00000000000000 -0.00803818210988  -0.00000000000000
 0.00000000000000  0.00000000000000 -0.00000000000000  -0.00000000000000 -0.00006292215719  0.00000000000000 0.00000003202495  -0.00000000000006 0.00000816509690  0.00000000000000
 -0.00000000000000  -0.00000000000000 -0.00000000000000  0.00000000000000 -0.00803818210988  0.00000000000000 0.00000816509690  -0.00000000000000 0.00104436552211  -0.00000000000005
 5  1  29  32 ! ik, ispn, minist, maxist
 0.43134699507817  -0.00000000000006 0.00004845773956  -0.00012133292243 0.00000000000000  -0.00000000000001 -0.00000000000000  0.00000000000000
 0.00004845773956  0.00012133292243 0.06462181263647  -0.00000000000005 0.00000000000000  -0.00000000000000 0.00000000000000  0.00000000000000
 0.00000000000000  0.00000000000001 0.00000000000000  0.00000000000000 0.05971448267373  -0.00000000000006 0.00005693245229  0.00000000000000
 -0.00000000000000  -0.00000000000000 0.00000000000000  -0.00000000000000 0.00005693245229  -0.00000000000000 -0.00000001837133  -0.00000000000006
 6  1  29  31 ! ik, ispn, minist, maxist
 0.06412002312391  -0.00000000000006 -0.00010313905992  -0.00002126972286 -0.00000000000000  -0.00000000000000
 -0.00010313905992  0.00002126972286 0.39724364959082  -0.00000000000005 -0.00000000000000  0.00000000000001
 -0.00000000000000  0.00000000000000 -0.00000000000000  -0.00000000000001 0.05479707680649  -0.00000000000005
 7  1  29  31 ! ik, ispn, minist, maxist
 0.06370313651979  -0.00000000000006 -0.00000321369238  0.00002845928491 -0.00000000000000  0.00000000000000
 -0.00000321369238  -0.00002845928491 0.37236523119789  -0.00000000000006 0.00000000000002  0.00000000000001
 -0.00000000000000  -0.00000000000000 0.00000000000002  -0.00000000000001 0.05065239302683  -0.00000000000005
 8  1  29  31 ! ik, ispn, minist, maxist
 0.06343383720833  -0.00000000000005 0.00000069826684  -0.00000700962998 0.00000000000000  -0.00000000000000
 0.00000069826684  0.00000700962998 0.36014603166404  -0.00000000000005 0.00000000000002  -0.00000000000006
 0.00000000000000  0.00000000000000 0.00000000000002  0.00000000000006 0.04828537882197  -0.00000000000005
 9  1  29  33 ! ik, ispn, minist, maxist
 0.52870303819674  -0.00000000000004 0.00001349983302  0.00000000000000 0.00000000000000  0.00000000000000 0.00266471066949  0.00000000000000 -0.00000741401431  -0.00000000000000
 0.00001349983302  -0.00000000000000 0.06514662453561  -0.00000000000005 0.00000000000000  -0.00000000000000 -0.00005929735061  0.00000000000000 -0.00630038159016  -0.00000000000000
 0.00000000000000  -0.00000000000000 0.00000000000000  0.00000000000000 0.06577155632274  -0.00000000000004 0.00000000000000  0.00000000000000 0.00000000000001  0.00000000000000
 0.00266471066949  -0.00000000000000 -0.00005929735061  -0.00000000000000 0.00000000000000  -0.00000000000000 0.00001361240838  -0.00000000000005 0.00000571119880  -0.00000000000000
 -0.00000741401431  0.00000000000000 -0.00630038159016  0.00000000000000 0.00000000000001  -0.00000000000000 0.00000571119880  0.00000000000000 0.00061097501126  -0.00000000000005
 10  1  29  33 ! ik, ispn, minist, maxist
 0.50192867374054  -0.00000000000005 0.00002051076889  -0.00000000000000 0.00000930854075  -0.00000000000000 -0.00535784031207  0.00000000000000 -0.00001500367063  -0.00000000000000
 0.00002051076889  0.00000000000000 0.06427536148290  -0.00000000000005 0.00034593447954  -0.00000000000000 0.00006288975799  0.00000000000000 -0.00774403636232  0.00000000000000
 0.00000930854075  0.00000000000000 0.00034593447954  0.00000000000000 0.06523830741994  -0.00000000000005 -0.00001658165252  0.00000000000000 0.00188475408434  0.00000000000000
 -0.00535784031207  -0.00000000000000 0.00006288975799  -0.00000000000000 -0.00001658165252  -0.00000000000000 0.00005763406532  -0.00000000000005 -0.00000795510810  0.00000000000000
 -0.00001500367063  0.00000000000000 -0.00774403636232  -0.00000000000000 0.00188475408434  -0.00000000000000 -0.00000795510810  -0.00000000000000 0.00099325342963  -0.00000000000005
 11  1  29  33 ! ik, ispn, minist, maxist
 0.46593731068511  -0.00000000000005 -0.00004105217791  -0.00000000000001 0.00000253466328  0.00000000000001 0.00774683806090  0.00000000000000 0.00002192679735  0.00000000000000
 -0.00004105217791  0.00000000000001 0.06455247851297  -0.00000000000006 0.00070527191707  -0.00000000000000 0.00002548900523  -0.00000000000000 -0.00368397228716  -0.00000000000000
 0.00000253466328  -0.00000000000001 0.00070527191707  0.00000000000000 0.06202342884158  -0.00000000000004 -0.00005724299297  0.00000000000000 0.00740600228153  0.00000000000000
 0.00774683806090  -0.00000000000000 0.00002548900523  0.00000000000000 -0.00005724299297  -0.00000000000000 0.00012938204051  -0.00000000000005 -0.00000806318159  -0.00000000000000
 0.00002192679735  -0.00000000000000 -0.00368397228716  0.00000000000000 0.00740600228153  -0.00000000000000 -0.00000806318159  0.00000000000000 0.00110874436723  -0.00000000000006
 12  1  29  32 ! ik, ispn, minist, maxist
 0.42852074261292  -0.00000000000006 0.00013044232325  0.00000000000001 -0.00000377895103  0.00000000000001 -0.00884895281186  -0.00000000000002
 0.00013044232325  -0.00000000000001 0.06419420202457  -0.00000000000005 0.00000001903559  0.00000000000000 0.00001192935260  0.00000000000000
 -0.00000377895103  -0.00000000000001 0.00000001903559  -0.00000000000000 0.05942338787313  -0.00000000000005 -0.00005545787915  -0.00000000000000
 -0.00884895281186  0.00000000000002 0.00001192935260  -0.00000000000000 -0.00005545787915  0.00000000000000 0.00018322856605  -0.00000000000005
 13  1  29  31 ! ik, ispn, minist, maxist
 0.06346514549420  -0.00000000000005 0.00010077466077  -0.00000000000003 -0.00000000185731  -0.00000000000000
 0.00010077466077  0.00000000000003 0.39596171519750  -0.00000000000006 -0.00000553448553  -0.00000000000001
 -0.00000000185731  0.00000000000000 -0.00000553448553  0.00000000000001 0.05453720821444  -0.00000000000006
 14  1  29  31 ! ik, ispn, minist, maxist
 0.06293870390253  -0.00000000000006 -0.00002583692176  0.00000000000000 -0.00000000029696  -0.00000000000000
 -0.00002583692176  -0.00000000000000 0.37164467700694  -0.00000000000006 0.00000329458190  0.00000000000002
 -0.00000000029696  0.00000000000000 0.00000329458190  -0.00000000000002 0.05042898438240  -0.00000000000006
 15  1  29  31 ! ik, ispn, minist, maxist
 0.06262705581406  -0.00000000000006 -0.00000718329024  0.00000000000001 -0.00000000007129  0.00000000000000
 -0.00000718329024  -0.00000000000001 0.35890210628476  -0.00000000000006 0.00000349620027  -0.00000000000042
 -0.00000000007129  -0.00000000000000 0.00000349620027  0.00000000000042 0.04811315047777  -0.00000000000006
 16  1  29  33 ! ik, ispn, minist, maxist
 0.48168954373868  -0.00000000000005 0.00002696841236  0.00000000000000 0.00000000000000  -0.00000000000000 0.01066041780508  -0.00000000000000 -0.00003165850176  -0.00000000000000
 0.00002696841236  -0.00000000000000 0.06323606654675  -0.00000000000005 -0.00000000000000  -0.00000000000000 -0.00006484197310  -0.00000000000000 -0.00866477000879  -0.00000000000000
 0.00000000000000  0.00000000000000 -0.00000000000000  0.00000000000000 0.06456955545896  -0.00000000000006 0.00000000000000  -0.00000000000000 -0.00000000000001  0.00000000000000
 0.01066041780508  0.00000000000000 -0.00006484197310  0.00000000000000 0.00000000000000  0.00000000000000 0.00023722932528  -0.00000000000006 0.00000828540393  -0.00000000000000
 -0.00003165850176  0.00000000000000 -0.00866477000879  0.00000000000000 -0.00000000000001  -0.00000000000000 0.00000828540393  0.00000000000000 0.00119197012963  -0.00000000000005
 17  1  29  33 ! ik, ispn, minist, maxist
 0.45225802828601  -0.00000000000005 -0.00003786542885  -0.00000000000000 -0.00000737487538  -0.00000000000000 0.01453902809919  -0.00000000000000 -0.00004694088356  -0.00000000000000
 -0.00003786542885  0.00000000000000 0.06284955348298  -0.00000000000005 -0.00100221085379  -0.00000000000000 0.00004229807330  0.00000000000000 0.00612141580442  0.00000000000000
 -0.00000737487538  0.00000000000000 -0.00100221085379  0.00000000000000 0.06155666033693  -0.00000000000005 0.00004503616036  -0.00000000000000 0.00602180856714  -0.00000000000000
 0.01453902809919  0.00000000000000 0.00004229807330  -0.00000000000000 0.00004503616036  0.00000000000000 0.00046920603413  -0.00000000000006 0.00000732331826  0.00000000000000
 -0.00004694088356  0.00000000000000 0.00612141580442  -0.00000000000000 0.00602180856714  0.00000000000000 0.00000732331826  -0.00000000000000 0.00121020102792  -0.00000000000006
 18  1  29  32 ! ik, ispn, minist, maxist
 0.41964660922101  -0.00000000000006 -0.00012571422875  -0.00000000000007 -0.00000788300224  0.00000000000003 0.01619355672151  -0.00000000000001
 -0.00012571422875  0.00000000000007 0.06261827761649  -0.00000000000005 -0.00000003546028  -0.00000000000000 0.00002327075488  0.00000000000000
 -0.00000788300224  -0.00000000000003 -0.00000003546028  0.00000000000000 0.05852431355684  -0.00000000000006 0.00005100357419  -0.00000000000000
 0.01619355672151  0.00000000000001 0.00002327075488  -0.00000000000000 0.00005100357419  0.00000000000000 0.00062662455128  -0.00000000000006
 19  1  29  31 ! ik, ispn, minist, maxist
 0.06151892917217  -0.00000000000005 0.00008048725738  -0.00000000000000 -0.00000000249819  -0.00000000000000
 0.00008048725738  0.00000000000000 0.39072982244329  -0.00000000000004 -0.00000975375562  -0.00000000000000
 -0.00000000249819  0.00000000000000 -0.00000975375562  0.00000000000000 0.05376512426109  -0.00000000000005
 20  1  29  31 ! ik, ispn, minist, maxist
 0.06068057261078  -0.00000000000005 0.00002323439811  0.00000000000000 0.00000000086495  0.00000000000000
 0.00002323439811  -0.00000000000000 0.36814877523553  -0.00000000000006 0.00001228317690  0.00000000000002
 0.00000000086495  -0.00000000000000 0.00001228317690  -0.00000000000002 0.04975303978721  -0.00000000000005
 21  1  29  31 ! ik, ispn, minist, maxist
 0.06023815063330  -0.00000000000005 -0.00000602604888  -0.00000000000000 0.00000000030796  -0.00000000000000
 -0.00000602604888  0.00000000000000 0.35602783652195  -0.00000000000005 -0.00001242765570  0.00000000000009
 0.00000000030796  0.00000000000000 -0.00001242765570  -0.00000000000009 0.04756576478193  -0.00000000000006
 22  1  29  32 ! ik, ispn, minist, maxist
 0.43081243546767  -0.00000000000005 0.00004743251107  -0.00000000000002 -0.00000000000001  -0.00000000000000 0.01886112866953  0.00000000000000
 0.00004743251107  0.00000000000002 0.06153318770362  -0.00000000000005 0.00000000000000  -0.00000000000000 -0.00006135572402  0.00000000000000
 -0.00000000000001  0.00000000000000 0.00000000000000  0.00000000000000 0.06097548251433  -0.00000000000005 -0.00000000000000  0.00000000000000
 0.01886112866953  -0.00000000000000 -0.00006135572402  -0.00000000000000 -0.00000000000000  -0.00000000000000 0.00082842893786  -0.00000000000005
 23  1  29  31 ! ik, ispn, minist, maxist
 0.40602015012056  -0.00000000000005 -0.00012135923191  0.00000000000007 0.00000030614341  0.00000000000001
 -0.00012135923191  -0.00000000000007 0.05976601043847  -0.00000000000005 -0.00000000070487  0.00000000000000
 0.00000030614341  -0.00000000000001 -0.00000000070487  -0.00000000000000 0.05718358767447  -0.00000000000005
 24  1  29  31 ! ik, ispn, minist, maxist
 0.05826979629423  -0.00000000000006 0.00005233195843  0.00000000000000 0.00000000346921  -0.00000000000000
 0.00005233195843  -0.00000000000000 0.38094188515760  -0.00000000000005 0.00002321002335  -0.00000000000007
 0.00000000346921  0.00000000000000 0.00002321002335  0.00000000000007 0.05258433817664  -0.00000000000006
 25  1  29  31 ! ik, ispn, minist, maxist
 0.05716044516887  -0.00000000000005 -0.00001816586585  0.00000000000029 0.00000000274231  -0.00000000000000
 -0.00001816586585  -0.00000000000029 0.36111691188245  -0.00000000000006 -0.00004645224353  0.00000000000077
 0.00000000274231  0.00000000000000 -0.00004645224353  -0.00000000000077 0.04876523476211  -0.00000000000005
 26  1  29  31 ! ik, ispn, minist, maxist
 0.05655300132062  -0.00000000000005 -0.00000464906817  0.00000000000000 -0.00000000268280  -0.00000000000000
 -0.00000464906817  -0.00000000000000 0.35012875747396  -0.00000000000005 0.00016972873568  0.00000000000106
 -0.00000000268280  0.00000000000000 0.00016972873568  -0.00000000000106 0.04666183527985  -0.00000000000005
 27  1  29  31 ! ik, ispn, minist, maxist
 0.38731549076453  -0.00000000000005 -0.00042796607865  -0.00000000000044 0.00000000000005  0.00000000000007
 -0.00042796607865  0.00000000000044 0.05592896847237  -0.00000000000005 -0.00000000000000  -0.00000000000000
 0.00000000000005  -0.00000000000007 -0.00000000000000  0.00000000000000 0.05533982368327  -0.00000000000005
 28  1  29  31 ! ik, ispn, minist, maxist
 0.05411879524243  -0.00000000000005 -0.00000000442569  -0.00000000000000 0.00002203383900  0.00000000000002
 -0.00000000442569  0.00000000000000 0.05118347330593  -0.00000000000005 -0.00006718471081  0.00000000000015
 0.00002203383900  -0.00000000000002 -0.00006718471081  -0.00000000000015 0.36719892563905  -0.00000000000005
 29  1  29  31 ! ik, ispn, minist, maxist
 0.05290661458838  -0.00000000000006 0.00000000130942  -0.00000000000000 -0.00001030512793  0.00000000000000
 0.00000000130942  0.00000000000000 0.04760024716631  -0.00000000000005 -0.00003977765047  -0.00000000000001
 -0.00001030512793  -0.00000000000000 -0.00003977765047  0.00000000000001 0.35080696655882  -0.00000000000006
 30  1  29  31 ! ik, ispn, minist, maxist
 0.05224564820534  -0.00000000000005 -0.00000000018466  0.00000000000000 0.00000341086027  0.00000000000002
 -0.00000000018466  -0.00000000000000 0.04557969012751  -0.00000000000005 -0.00001964354847  0.00000000000017
 0.00000341086027  -0.00000000000002 -0.00001964354847  -0.00000000000017 0.34127940639508  -0.00000000000006
 31  1  29  31 ! ik, ispn, minist, maxist
 0.05009904786707  -0.00000000000005 -0.00000000000000  -0.00000000000000 -0.00000134698222  -0.00000000000000
 -0.00000000000000  0.00000000000000 0.04960895542860  -0.00000000000005 0.00000000000003  -0.00000000000001
 -0.00000134698222  0.00000000000000 0.00000000000003  0.00000000000001 0.35201423485835  -0.00000000000004
 32  1  29  31 ! ik, ispn, minist, maxist
 0.04879361683291  -0.00000000000006 -0.00000000012047  0.00000000000000 -0.00000136703744  -0.00000000000008
 -0.00000000012047  -0.00000000000000 0.04641687182902  -0.00000000000006 -0.00000982889067  0.00000000000008
 -0.00000136703744  0.00000000000008 -0.00000982889067  -0.00000000000008 0.33858163267226  -0.00000000000005
 33  1  29  31 ! ik, ispn, minist, maxist
 0.04820165864738  -0.00000000000005 0.00000000003422  -0.00000000000000 0.00000084789697  0.00000000000001
 0.00000000003422  0.00000000000000 0.04453115796717  -0.00000000000006 0.00000833069095  0.00000000000002
 0.00000084789697  -0.00000000000001 0.00000833069095  -0.00000000000002 0.33083858524029  -0.00000000000006
 34  1  29  31 ! ik, ispn, minist, maxist
 0.04563299678324  -0.00000000000005 -0.00000000000000  0.00000000000000 -0.00000479099481  0.00000000000000
 -0.00000000000000  -0.00000000000000 0.04536580694870  -0.00000000000005 -0.00000000000001  0.00000000000001
 -0.00000479099481  -0.00000000000000 -0.00000000000001  -0.00000000000001 0.32757818305857  -0.00000000000005
 35  1  29  31 ! ik, ispn, minist, maxist
 0.04498732622755  -0.00000000000005 0.00000000004444  0.00000000000000 -0.00000064036884  0.00000000000000
 0.00000000004444  -0.00000000000000 0.04368104682647  -0.00000000000005 -0.00000287641769  -0.00000000000001
 -0.00000064036884  -0.00000000000000 -0.00000287641769  0.00000000000001 0.32104872694312  -0.00000000000005
 36  1  29  31 ! ik, ispn, minist, maxist
 0.04322673324769  -0.00000000000007 -0.00000000000000  -0.00000000000000 -0.00000154565398  -0.00000000000011
 -0.00000000000000  0.00000000000000 0.04322543635537  -0.00000000000005 -0.00000000000001  -0.00000000000002
 -0.00000154565398  0.00000000000011 -0.00000000000001  0.00000000000002 0.31484596121442  -0.00000000000006
-0.0073606144924200
