 -0.5000000000       1.824301379    
 -0.4990000000       1.858733095    
 -0.4980000000       1.894652577    
 -0.4970000000       1.881545001    
 -0.4960000000       1.885725810    
 -0.4950000000       1.896416216    
 -0.4940000000       1.906538765    
 -0.4930000000       1.948783662    
 -0.4920000000       1.940545496    
 -0.4910000000       1.911214233    
 -0.4900000000       1.943414329    
 -0.4890000000       1.979079144    
 -0.4880000000       1.966975776    
 -0.4870000000       1.975660865    
 -0.4860000000       1.954034829    
 -0.4850000000       1.987496531    
 -0.4840000000       1.985981863    
 -0.4830000000       1.990621853    
 -0.4820000000       1.973709207    
 -0.4810000000       1.984131510    
 -0.4800000000       1.974721729    
 -0.4790000000       1.949946186    
 -0.4780000000       1.927193453    
 -0.4770000000       1.942874762    
 -0.4760000000       1.920629055    
 -0.4750000000       1.932931741    
 -0.4740000000       1.947159926    
 -0.4730000000       1.897853380    
 -0.4720000000       1.901676484    
 -0.4710000000       1.888057303    
 -0.4700000000       1.826150143    
 -0.4690000000       1.830563933    
 -0.4680000000       1.807247173    
 -0.4670000000       1.828849365    
 -0.4660000000       1.803964693    
 -0.4650000000       1.802756576    
 -0.4640000000       1.799428032    
 -0.4630000000       1.787414853    
 -0.4620000000       1.772837956    
 -0.4610000000       1.788826563    
 -0.4600000000       1.752298242    
 -0.4590000000       1.777745060    
 -0.4580000000       1.714158508    
 -0.4570000000       1.746942483    
 -0.4560000000       1.736456447    
 -0.4550000000       1.703930855    
 -0.4540000000       1.704459329    
 -0.4530000000       1.718164049    
 -0.4520000000       1.703780991    
 -0.4510000000       1.757487497    
 -0.4500000000       1.634487572    
 -0.4490000000       1.603115695    
 -0.4480000000       1.618201128    
 -0.4470000000       1.579752055    
 -0.4460000000       1.601013667    
 -0.4450000000       1.586478901    
 -0.4440000000       1.552705758    
 -0.4430000000       1.566139471    
 -0.4420000000       1.540358970    
 -0.4410000000       1.551575847    
 -0.4400000000       1.549041515    
 -0.4390000000       1.550852367    
 -0.4380000000       1.548506697    
 -0.4370000000       1.551524406    
 -0.4360000000       1.528811918    
 -0.4350000000       1.553973852    
 -0.4340000000       1.543903954    
 -0.4330000000       1.540870365    
 -0.4320000000       1.548448370    
 -0.4310000000       1.540286715    
 -0.4300000000       1.522833632    
 -0.4290000000       1.523629269    
 -0.4280000000       1.514300360    
 -0.4270000000       1.536403608    
 -0.4260000000       1.549657328    
 -0.4250000000       1.557880902    
 -0.4240000000       1.560783697    
 -0.4230000000       1.570349765    
 -0.4220000000       1.560563619    
 -0.4210000000       1.578748362    
 -0.4200000000       1.566551097    
 -0.4190000000       1.585427101    
 -0.4180000000       1.582327305    
 -0.4170000000       1.584654118    
 -0.4160000000       1.583757824    
 -0.4150000000       1.594596234    
 -0.4140000000       1.597077155    
 -0.4130000000       1.607215796    
 -0.4120000000       1.613585819    
 -0.4110000000       1.643852581    
 -0.4100000000       1.663370920    
 -0.4090000000       1.686190830    
 -0.4080000000       1.741252523    
 -0.4070000000       1.718760093    
 -0.4060000000       1.701658841    
 -0.4050000000       1.723552602    
 -0.4040000000       1.736949522    
 -0.4030000000       1.735784729    
 -0.4020000000       1.754654715    
 -0.4010000000       1.759892479    
 -0.4000000000       1.806559455    
 -0.3990000000       1.791921506    
 -0.3980000000       1.848912591    
 -0.3970000000       1.851792914    
 -0.3960000000       1.838308096    
 -0.3950000000       1.861145740    
 -0.3940000000       1.867528489    
 -0.3930000000       1.877375278    
 -0.3920000000       1.913102105    
 -0.3910000000       1.919315812    
 -0.3900000000       1.972401635    
 -0.3890000000       1.997793604    
 -0.3880000000       2.022326557    
 -0.3870000000       1.987275403    
 -0.3860000000       2.003936362    
 -0.3850000000       2.049582059    
 -0.3840000000       2.074606273    
 -0.3830000000       2.090585085    
 -0.3820000000       2.136123560    
 -0.3810000000       2.143072203    
 -0.3800000000       2.150982570    
 -0.3790000000       2.161331202    
 -0.3780000000       2.157754623    
 -0.3770000000       2.198342579    
 -0.3760000000       2.246027255    
 -0.3750000000       2.312593499    
 -0.3740000000       2.321561372    
 -0.3730000000       2.340958888    
 -0.3720000000       2.450613684    
 -0.3710000000       2.378245076    
 -0.3700000000       2.415929047    
 -0.3690000000       2.407399107    
 -0.3680000000       2.465994586    
 -0.3670000000       2.431417120    
 -0.3660000000       2.456425467    
 -0.3650000000       2.512991995    
 -0.3640000000       2.519504313    
 -0.3630000000       2.545345783    
 -0.3620000000       2.573993719    
 -0.3610000000       2.555908518    
 -0.3600000000       2.567294286    
 -0.3590000000       2.609311245    
 -0.3580000000       2.625977200    
 -0.3570000000       2.607536645    
 -0.3560000000       2.601178139    
 -0.3550000000       2.559506832    
 -0.3540000000       2.567995811    
 -0.3530000000       2.592291020    
 -0.3520000000       2.567633638    
 -0.3510000000       2.537350057    
 -0.3500000000       2.532998140    
 -0.3490000000       2.527546214    
 -0.3480000000       2.503728628    
 -0.3470000000       2.528743075    
 -0.3460000000       2.465325307    
 -0.3450000000       2.521930652    
 -0.3440000000       2.549652417    
 -0.3430000000       2.522601774    
 -0.3420000000       2.484825230    
 -0.3410000000       2.484197344    
 -0.3400000000       2.475249992    
 -0.3390000000       2.493109212    
 -0.3380000000       2.506696207    
 -0.3370000000       2.453715998    
 -0.3360000000       2.448482714    
 -0.3350000000       2.445918029    
 -0.3340000000       2.448624135    
 -0.3330000000       2.416506426    
 -0.3320000000       2.443909676    
 -0.3310000000       2.467024140    
 -0.3300000000       2.460161303    
 -0.3290000000       2.440380408    
 -0.3280000000       2.439656059    
 -0.3270000000       2.432236818    
 -0.3260000000       2.449826591    
 -0.3250000000       2.471418638    
 -0.3240000000       2.476077667    
 -0.3230000000       2.552124680    
 -0.3220000000       2.517722763    
 -0.3210000000       2.542384581    
 -0.3200000000       2.595839441    
 -0.3190000000       2.654737985    
 -0.3180000000       2.604060081    
 -0.3170000000       2.707578580    
 -0.3160000000       2.691434376    
 -0.3150000000       2.720622223    
 -0.3140000000       2.757492083    
 -0.3130000000       2.804516453    
 -0.3120000000       2.823426884    
 -0.3110000000       2.809755210    
 -0.3100000000       2.840149337    
 -0.3090000000       2.970139616    
 -0.3080000000       2.964473577    
 -0.3070000000       2.952362425    
 -0.3060000000       2.962746194    
 -0.3050000000       3.037887653    
 -0.3040000000       3.069811767    
 -0.3030000000       3.180922403    
 -0.3020000000       3.138610711    
 -0.3010000000       3.227641049    
 -0.3000000000       3.216584008    
 -0.2990000000       3.316355695    
 -0.2980000000       3.379846432    
 -0.2970000000       3.412631690    
 -0.2960000000       3.447416841    
 -0.2950000000       3.477438310    
 -0.2940000000       3.444201281    
 -0.2930000000       3.499438389    
 -0.2920000000       3.602785052    
 -0.2910000000       3.648098010    
 -0.2900000000       3.702128694    
 -0.2890000000       3.701399058    
 -0.2880000000       3.702764868    
 -0.2870000000       3.756779118    
 -0.2860000000       3.863505180    
 -0.2850000000       4.041595869    
 -0.2840000000       4.118489159    
 -0.2830000000       4.091314645    
 -0.2820000000       4.126985003    
 -0.2810000000       4.355781210    
 -0.2800000000       4.249370217    
 -0.2790000000       4.432297581    
 -0.2780000000       4.554176180    
 -0.2770000000       4.431465337    
 -0.2760000000       4.602779120    
 -0.2750000000       4.643531479    
 -0.2740000000       4.690024755    
 -0.2730000000       4.783385767    
 -0.2720000000       4.862197583    
 -0.2710000000       4.860152784    
 -0.2700000000       4.874011533    
 -0.2690000000       4.975602626    
 -0.2680000000       4.931077554    
 -0.2670000000       4.979516049    
 -0.2660000000       5.021829247    
 -0.2650000000       5.111906924    
 -0.2640000000       5.098016996    
 -0.2630000000       5.018988873    
 -0.2620000000       4.987198326    
 -0.2610000000       5.128923451    
 -0.2600000000       5.256627468    
 -0.2590000000       5.123004222    
 -0.2580000000       5.067873630    
 -0.2570000000       5.100312627    
 -0.2560000000       5.000291045    
 -0.2550000000       5.220199546    
 -0.2540000000       5.165040083    
 -0.2530000000       5.164526873    
 -0.2520000000       5.076767812    
 -0.2510000000       5.006091482    
 -0.2500000000       5.290552051    
 -0.2490000000       5.125205186    
 -0.2480000000       5.071316430    
 -0.2470000000       5.046963030    
 -0.2460000000       5.051462711    
 -0.2450000000       5.118594473    
 -0.2440000000       5.120591326    
 -0.2430000000       5.115746745    
 -0.2420000000       5.157434153    
 -0.2410000000       5.113510139    
 -0.2400000000       5.106531075    
 -0.2390000000       5.214623586    
 -0.2380000000       5.222066506    
 -0.2370000000       5.247154297    
 -0.2360000000       5.403306389    
 -0.2350000000       5.539292551    
 -0.2340000000       5.634267714    
 -0.2330000000       5.772772270    
 -0.2320000000       5.906612063    
 -0.2310000000       5.964377208    
 -0.2300000000       6.033953081    
 -0.2290000000       6.159702923    
 -0.2280000000       6.301076775    
 -0.2270000000       6.243042152    
 -0.2260000000       6.218906625    
 -0.2250000000       6.367086350    
 -0.2240000000       6.384798553    
 -0.2230000000       6.363885903    
 -0.2220000000       6.307868875    
 -0.2210000000       6.328114521    
 -0.2200000000       6.377410487    
 -0.2190000000       6.406671037    
 -0.2180000000       6.668572853    
 -0.2170000000       6.700831919    
 -0.2160000000       6.749186520    
 -0.2150000000       6.820953421    
 -0.2140000000       6.829888887    
 -0.2130000000       6.741797398    
 -0.2120000000       6.929712989    
 -0.2110000000       6.920917291    
 -0.2100000000       6.984373300    
 -0.2090000000       7.175694063    
 -0.2080000000       7.216699604    
 -0.2070000000       7.316071704    
 -0.2060000000       7.350512510    
 -0.2050000000       7.465774418    
 -0.2040000000       7.531929387    
 -0.2030000000       7.610419613    
 -0.2020000000       7.857020742    
 -0.2010000000       7.945975626    
 -0.2000000000       8.210831727    
 -0.1990000000       8.539140436    
 -0.1980000000       8.783157374    
 -0.1970000000       8.833611394    
 -0.1960000000       9.190617383    
 -0.1950000000       9.562471043    
 -0.1940000000       9.763903619    
 -0.1930000000       10.24986650    
 -0.1920000000       10.27621122    
 -0.1910000000       10.80668846    
 -0.1900000000       10.75369035    
 -0.1890000000       10.88094180    
 -0.1880000000       11.34367423    
 -0.1870000000       11.65757479    
 -0.1860000000       11.42437944    
 -0.1850000000       11.67783313    
 -0.1840000000       11.69687986    
 -0.1830000000       11.79558358    
 -0.1820000000       11.97055012    
 -0.1810000000       12.02561829    
 -0.1800000000       12.51737942    
 -0.1790000000       12.62917071    
 -0.1780000000       12.87035483    
 -0.1770000000       12.91318355    
 -0.1760000000       13.44756421    
 -0.1750000000       13.54671944    
 -0.1740000000       14.04316244    
 -0.1730000000       14.08900791    
 -0.1720000000       14.52286161    
 -0.1710000000       14.99378288    
 -0.1700000000       15.48819062    
 -0.1690000000       16.63114559    
 -0.1680000000       17.27273923    
 -0.1670000000       18.03832859    
 -0.1660000000       19.10531402    
 -0.1650000000       20.02908064    
 -0.1640000000       21.01553388    
 -0.1630000000       21.72169770    
 -0.1620000000       22.29815018    
 -0.1610000000       22.57148369    
 -0.1600000000       22.15526416    
 -0.1590000000       23.06511847    
 -0.1580000000       23.86157824    
 -0.1570000000       22.92787900    
 -0.1560000000       24.05443629    
 -0.1550000000       24.65139826    
 -0.1540000000       25.30175453    
 -0.1530000000       25.75020140    
 -0.1520000000       27.12949781    
 -0.1510000000       27.92565136    
 -0.1500000000       28.66738635    
 -0.1490000000       30.02109081    
 -0.1480000000       31.72068594    
 -0.1470000000       33.68698380    
 -0.1460000000       34.80356411    
 -0.1450000000       35.82285577    
 -0.1440000000       38.65123168    
 -0.1430000000       37.80279765    
 -0.1420000000       39.81096832    
 -0.1410000000       41.04020744    
 -0.1400000000       41.87412830    
 -0.1390000000       42.20743466    
 -0.1380000000       44.17701776    
 -0.1370000000       45.83032651    
 -0.1360000000       46.42364766    
 -0.1350000000       47.13381221    
 -0.1340000000       47.61323504    
 -0.1330000000       48.52657472    
 -0.1320000000       49.60347023    
 -0.1310000000       49.27234210    
 -0.1300000000       48.11300883    
 -0.1290000000       47.57122213    
 -0.1280000000       46.74859077    
 -0.1270000000       46.29146194    
 -0.1260000000       44.55796951    
 -0.1250000000       44.37314696    
 -0.1240000000       44.80213046    
 -0.1230000000       45.81955118    
 -0.1220000000       46.93142425    
 -0.1210000000       47.11166277    
 -0.1200000000       49.99913678    
 -0.1190000000       50.46967028    
 -0.1180000000       51.24804643    
 -0.1170000000       52.85964503    
 -0.1160000000       54.80482725    
 -0.1150000000       56.99847821    
 -0.1140000000       58.19558948    
 -0.1130000000       59.90351570    
 -0.1120000000       62.36056991    
 -0.1110000000       64.59297199    
 -0.1100000000       68.06318041    
 -0.1090000000       69.57941279    
 -0.1080000000       72.09129136    
 -0.1070000000       73.93832767    
 -0.1060000000       75.46199484    
 -0.1050000000       73.86653882    
 -0.1040000000       70.85440054    
 -0.1030000000       67.64028892    
 -0.1020000000       65.51257509    
 -0.1010000000       63.57960431    
 -0.1000000000       62.16490148    
 -0.9900000000E-01   60.90941491    
 -0.9800000000E-01   59.84463743    
 -0.9700000000E-01   59.06588001    
 -0.9600000000E-01   58.96119285    
 -0.9500000000E-01   57.27958240    
 -0.9400000000E-01   56.56950391    
 -0.9300000000E-01   55.21777146    
 -0.9200000000E-01   54.42779536    
 -0.9100000000E-01   53.53574469    
 -0.9000000000E-01   53.65696230    
 -0.8900000000E-01   53.94286994    
 -0.8800000000E-01   54.24460148    
 -0.8700000000E-01   54.28970265    
 -0.8600000000E-01   55.24698911    
 -0.8500000000E-01   55.88244227    
 -0.8400000000E-01   58.45634603    
 -0.8300000000E-01   60.13191027    
 -0.8200000000E-01   60.71038618    
 -0.8100000000E-01   60.05762028    
 -0.8000000000E-01   56.58087225    
 -0.7900000000E-01   53.26817640    
 -0.7800000000E-01   50.49839559    
 -0.7700000000E-01   48.01936633    
 -0.7600000000E-01   47.57945792    
 -0.7500000000E-01   47.15012068    
 -0.7400000000E-01   47.64318193    
 -0.7300000000E-01   49.38464294    
 -0.7200000000E-01   52.48811811    
 -0.7100000000E-01   54.49994367    
 -0.7000000000E-01   56.24245144    
 -0.6900000000E-01   57.72474032    
 -0.6800000000E-01   59.59921907    
 -0.6700000000E-01   61.41333008    
 -0.6600000000E-01   63.04035819    
 -0.6500000000E-01   64.40176758    
 -0.6400000000E-01   65.23990698    
 -0.6300000000E-01   64.55495875    
 -0.6200000000E-01   61.55456664    
 -0.6100000000E-01   57.33466824    
 -0.6000000000E-01   53.27432002    
 -0.5900000000E-01   48.69041120    
 -0.5800000000E-01   43.08376334    
 -0.5700000000E-01   37.06876840    
 -0.5600000000E-01   31.67191241    
 -0.5500000000E-01   26.83695800    
 -0.5400000000E-01   23.05438008    
 -0.5300000000E-01   19.86289777    
 -0.5200000000E-01   17.56175142    
 -0.5100000000E-01   15.97854434    
 -0.5000000000E-01   14.95543451    
 -0.4900000000E-01   14.33145818    
 -0.4800000000E-01   14.02843805    
 -0.4700000000E-01   13.63114111    
 -0.4600000000E-01   12.70942311    
 -0.4500000000E-01   11.29743329    
 -0.4400000000E-01   10.11652053    
 -0.4300000000E-01   9.421961628    
 -0.4200000000E-01   9.253417042    
 -0.4100000000E-01   9.480776309    
 -0.4000000000E-01   9.728454333    
 -0.3900000000E-01   9.561708581    
 -0.3800000000E-01   9.093848401    
 -0.3700000000E-01   8.769841063    
 -0.3600000000E-01   8.575916143    
 -0.3500000000E-01   8.206309807    
 -0.3400000000E-01   7.481007066    
 -0.3300000000E-01   6.583117927    
 -0.3200000000E-01   5.772556933    
 -0.3100000000E-01   5.186254162    
 -0.3000000000E-01   4.829308418    
 -0.2900000000E-01   4.680179360    
 -0.2800000000E-01   4.714383869    
 -0.2700000000E-01   4.932743523    
 -0.2600000000E-01   5.276241071    
 -0.2500000000E-01   5.563227485    
 -0.2400000000E-01   5.617779600    
 -0.2300000000E-01   5.511906606    
 -0.2200000000E-01   5.470351713    
 -0.2100000000E-01   5.634924000    
 -0.2000000000E-01   5.998743356    
 -0.1900000000E-01   6.392550566    
 -0.1800000000E-01   6.621393101    
 -0.1700000000E-01   6.613561759    
 -0.1600000000E-01   6.414607022    
 -0.1500000000E-01   6.167824829    
 -0.1400000000E-01   6.129703823    
 -0.1300000000E-01   6.440454417    
 -0.1200000000E-01   7.177106622    
 -0.1100000000E-01   8.295688894    
 -0.1000000000E-01   9.572630982    
 -0.9000000000E-02   10.62917209    
 -0.8000000000E-02   11.17988289    
 -0.7000000000E-02   11.06729641    
 -0.6000000000E-02   10.32283017    
 -0.5000000000E-02   9.208983211    
 -0.4000000000E-02   8.079370847    
 -0.3000000000E-02   7.065745590    
 -0.2000000000E-02   6.085799250    
 -0.1000000000E-02   5.183803809    
   0.000000000       4.454987035    
  0.1000000000E-02   3.939446956    
  0.2000000000E-02   3.622453517    
  0.3000000000E-02   3.476186637    
  0.4000000000E-02   3.495564752    
  0.5000000000E-02   3.664606708    
  0.6000000000E-02   3.935114558    
  0.7000000000E-02   4.159182952    
  0.8000000000E-02   4.158178920    
  0.9000000000E-02   3.971924378    
  0.1000000000E-01   3.810708227    
  0.1100000000E-01   3.781445389    
  0.1200000000E-01   3.916621181    
  0.1300000000E-01   4.197812418    
  0.1400000000E-01   4.654235974    
  0.1500000000E-01   5.217626863    
  0.1600000000E-01   5.576269094    
  0.1700000000E-01   5.357934461    
  0.1800000000E-01   4.673180533    
  0.1900000000E-01   3.913393976    
  0.2000000000E-01   3.327487036    
  0.2100000000E-01   2.938827560    
  0.2200000000E-01   2.715011693    
  0.2300000000E-01   2.621146418    
  0.2400000000E-01   2.644807165    
  0.2500000000E-01   2.789324221    
  0.2600000000E-01   3.078098530    
  0.2700000000E-01   3.549859232    
  0.2800000000E-01   4.228975152    
  0.2900000000E-01   5.045222131    
  0.3000000000E-01   5.700201989    
  0.3100000000E-01   5.842473427    
  0.3200000000E-01   5.558639224    
  0.3300000000E-01   5.183870298    
  0.3400000000E-01   4.824946481    
  0.3500000000E-01   4.312408067    
  0.3600000000E-01   3.707108852    
  0.3700000000E-01   3.181986404    
  0.3800000000E-01   2.806255469    
  0.3900000000E-01   2.587650731    
  0.4000000000E-01   2.500305820    
  0.4100000000E-01   2.514546263    
  0.4200000000E-01   2.671063124    
  0.4300000000E-01   2.939527472    
  0.4400000000E-01   3.397447053    
  0.4500000000E-01   4.014567499    
  0.4600000000E-01   4.703447673    
  0.4700000000E-01   5.182136034    
  0.4800000000E-01   5.257020709    
  0.4900000000E-01   4.963728893    
  0.5000000000E-01   4.533207117    
  0.5100000000E-01   4.237500050    
  0.5200000000E-01   4.216894586    
  0.5300000000E-01   4.536873528    
  0.5400000000E-01   5.101825157    
  0.5500000000E-01   5.692855087    
  0.5600000000E-01   5.846762519    
  0.5700000000E-01   5.407792503    
  0.5800000000E-01   4.782479500    
  0.5900000000E-01   4.304419882    
  0.6000000000E-01   4.122584785    
  0.6100000000E-01   4.254280068    
  0.6200000000E-01   4.717846160    
  0.6300000000E-01   5.527802343    
  0.6400000000E-01   6.615741272    
  0.6500000000E-01   7.660249075    
  0.6600000000E-01   8.241964409    
  0.6700000000E-01   8.141369129    
  0.6800000000E-01   7.900714255    
  0.6900000000E-01   7.735487281    
  0.7000000000E-01   7.464045245    
  0.7100000000E-01   6.749931248    
  0.7200000000E-01   5.738827070    
  0.7300000000E-01   4.871940265    
  0.7400000000E-01   4.388377694    
  0.7500000000E-01   4.299639790    
  0.7600000000E-01   4.584192735    
  0.7700000000E-01   4.816629571    
  0.7800000000E-01   4.834822092    
  0.7900000000E-01   4.539764769    
  0.8000000000E-01   4.389523454    
  0.8100000000E-01   4.634345989    
  0.8200000000E-01   5.336960399    
  0.8300000000E-01   6.158473946    
  0.8400000000E-01   6.496828022    
  0.8500000000E-01   5.879809132    
  0.8600000000E-01   5.026034417    
  0.8700000000E-01   4.515850374    
  0.8800000000E-01   4.512495217    
  0.8900000000E-01   5.021885984    
  0.9000000000E-01   5.740109136    
  0.9100000000E-01   8.928123562    
  0.9200000000E-01   5.334368601    
  0.9300000000E-01   4.262890499    
  0.9400000000E-01   3.377523393    
  0.9500000000E-01   2.813579034    
  0.9600000000E-01   2.508493232    
  0.9700000000E-01   2.439228114    
  0.9800000000E-01   2.583544357    
  0.9900000000E-01   2.962271610    
  0.1000000000       3.438061154    
  0.1010000000       3.561441488    
  0.1020000000       3.122796808    
  0.1030000000       2.547095402    
  0.1040000000       2.132034368    
  0.1050000000       1.973485793    
  0.1060000000       1.956280488    
  0.1070000000       2.033293624    
  0.1080000000       2.310728472    
  0.1090000000       2.680279408    
  0.1100000000       3.635022566    
  0.1110000000       4.872064665    
  0.1120000000       5.825988946    
  0.1130000000       6.585406440    
  0.1140000000       6.548923812    
  0.1150000000       5.341886390    
  0.1160000000       4.195462228    
  0.1170000000       3.559177831    
  0.1180000000       3.339610673    
  0.1190000000       3.554222307    
  0.1200000000       4.275840455    
  0.1210000000       5.599622958    
  0.1220000000       7.129593016    
  0.1230000000       7.480894364    
  0.1240000000       6.550711155    
  0.1250000000       5.503441972    
  0.1260000000       4.328488857    
  0.1270000000       3.241849129    
  0.1280000000       2.443242769    
  0.1290000000       1.998098475    
  0.1300000000       1.758556631    
  0.1310000000       1.582890686    
  0.1320000000       1.529443015    
  0.1330000000       1.560491477    
  0.1340000000       1.820620622    
  0.1350000000       2.175213634    
  0.1360000000       2.296177287    
  0.1370000000       1.990093576    
  0.1380000000       1.638937107    
  0.1390000000       1.530257828    
  0.1400000000       1.407194347    
  0.1410000000       1.580394747    
  0.1420000000       1.518397318    
  0.1430000000       1.687389872    
  0.1440000000       1.964192770    
  0.1450000000       2.371611044    
  0.1460000000       2.979172176    
  0.1470000000       3.693322819    
  0.1480000000       4.305969287    
  0.1490000000       5.114652254    
  0.1500000000       5.922629410    
  0.1510000000       6.096989519    
  0.1520000000       5.606900204    
  0.1530000000       5.197318529    
  0.1540000000       5.405990078    
  0.1550000000       6.255537812    
  0.1560000000       7.208443898    
  0.1570000000       7.042289446    
  0.1580000000       5.104508499    
  0.1590000000       3.603378641    
  0.1600000000       2.833218983    
  0.1610000000       2.652726114    
  0.1620000000       2.757538226    
  0.1630000000       3.232119684    
  0.1640000000       3.636022290    
  0.1650000000       3.745784071    
  0.1660000000       3.634538415    
  0.1670000000       3.244380752    
  0.1680000000       2.781008044    
  0.1690000000       1.978681739    
  0.1700000000       1.865497582    
  0.1710000000       2.025013721    
  0.1720000000       2.556737565    
  0.1730000000       3.861607108    
  0.1740000000       6.669196279    
  0.1750000000       8.171301930    
  0.1760000000       6.211594831    
  0.1770000000       6.163320722    
  0.1780000000       7.450189661    
  0.1790000000       5.693648087    
  0.1800000000       2.467535867    
  0.1810000000       1.868001108    
  0.1820000000       1.810760028    
  0.1830000000       2.108543730    
  0.1840000000       2.587069209    
  0.1850000000       3.734521883    
  0.1860000000       5.052190274    
  0.1870000000       10.33624942    
  0.1880000000       14.05362704    
  0.1890000000       9.416019064    
  0.1900000000       4.692583015    
  0.1910000000       3.152036967    
  0.1920000000       3.119810076    
  0.1930000000       3.226740231    
  0.1940000000       5.567267562    
  0.1950000000       10.97111379    
  0.1960000000       9.830825633    
  0.1970000000       4.407084380    
  0.1980000000       2.868273564    
  0.1990000000       2.791822838    
  0.2000000000       4.106956313    
  0.2010000000       10.33019088    
  0.2020000000       21.36173054    
  0.2030000000       11.67993069    
  0.2040000000       4.969709073    
  0.2050000000       2.672080551    
  0.2060000000       1.987456526    
  0.2070000000       2.515156955    
  0.2080000000       2.680740156    
  0.2090000000       10.13344391    
  0.2100000000       3.204056934    
  0.2110000000       1.310314487    
  0.2120000000      0.9362583122    
  0.2130000000      0.8501808582    
  0.2140000000       1.036800422    
  0.2150000000       2.543871172    
  0.2160000000       10.78486495    
  0.2170000000       6.061179109    
  0.2180000000       1.563639427    
  0.2190000000       1.057027367    
  0.2200000000      0.9612742151    
  0.2210000000      0.9838979982    
  0.2220000000       1.113894453    
  0.2230000000       1.414176925    
  0.2240000000       2.114588629    
  0.2250000000       5.097844543    
  0.2260000000       20.30931141    
  0.2270000000       7.625661067    
  0.2280000000       2.851110625    
  0.2290000000       1.921856307    
  0.2300000000       1.979314081    
  0.2310000000       3.942726664    
  0.2320000000       54.04569475    
  0.2330000000       17.14655122    
  0.2340000000       1.838564117    
  0.2350000000      0.9828352175    
  0.2360000000      0.8669671792    
  0.2370000000      0.9870793100    
  0.2380000000       1.108145624    
  0.2390000000       1.009661054    
  0.2400000000      0.8944813850    
  0.2410000000      0.9342640473    
  0.2420000000       1.028188905    
  0.2430000000       1.165126941    
  0.2440000000       1.720175499    
  0.2450000000       5.628346527    
  0.2460000000       31.97674215    
  0.2470000000       7.008932983    
  0.2480000000       6.526289164    
  0.2490000000       6.973960962    
  0.2500000000       3.464253168    
  0.2510000000       2.731750313    
  0.2520000000       2.899196906    
  0.2530000000       1.479026941    
  0.2540000000       1.643678707    
  0.2550000000       2.887472478    
  0.2560000000       1.762478835    
  0.2570000000       1.688785307    
  0.2580000000       1.748265418    
  0.2590000000       1.751946157    
  0.2600000000       1.788745893    
  0.2610000000       1.930514745    
  0.2620000000       2.313428311    
  0.2630000000       2.367736973    
  0.2640000000       2.585242629    
  0.2650000000       2.911852292    
  0.2660000000       3.746948431    
  0.2670000000       5.125951413    
  0.2680000000       7.685806445    
  0.2690000000       11.82079963    
  0.2700000000       13.90989517    
  0.2710000000       14.02694424    
  0.2720000000       13.57206490    
  0.2730000000       9.997877245    
  0.2740000000       10.10053279    
  0.2750000000       6.447001067    
  0.2760000000       5.551610267    
  0.2770000000       8.543511023    
  0.2780000000       9.700541301    
  0.2790000000       9.772820120    
  0.2800000000       4.629527332    
  0.2810000000       3.674902564    
  0.2820000000       3.638522717    
  0.2830000000       4.288685589    
  0.2840000000       4.698516361    
  0.2850000000       4.255264535    
  0.2860000000       3.379321151    
  0.2870000000       2.987018660    
  0.2880000000       3.182332858    
  0.2890000000       4.074684275    
  0.2900000000       5.382380173    
  0.2910000000       4.626357817    
  0.2920000000       3.399819965    
  0.2930000000       2.841939573    
  0.2940000000       2.696321620    
  0.2950000000       2.898824589    
  0.2960000000       3.312277944    
  0.2970000000       4.107920423    
  0.2980000000       4.984800539    
  0.2990000000       5.405542833    
  0.3000000000       5.657715448    
  0.3010000000       5.963308167    
  0.3020000000       6.067751643    
  0.3030000000       5.795259409    
  0.3040000000       5.594960553    
  0.3050000000       5.237531240    
  0.3060000000       4.802981830    
  0.3070000000       4.690949790    
  0.3080000000       4.910909631    
  0.3090000000       5.541043340    
  0.3100000000       6.419255783    
  0.3110000000       7.223223059    
  0.3120000000       7.547932505    
  0.3130000000       6.357885172    
  0.3140000000       5.293349440    
  0.3150000000       5.220987246    
  0.3160000000       5.325238914    
  0.3170000000       5.137831051    
  0.3180000000       5.556817175    
  0.3190000000       5.091845653    
  0.3200000000       5.573343613    
  0.3210000000       5.545629260    
  0.3220000000       4.891881000    
  0.3230000000       4.345546010    
  0.3240000000       4.287160844    
  0.3250000000       4.652027241    
  0.3260000000       5.016664653    
  0.3270000000       4.683976438    
  0.3280000000       4.282864288    
  0.3290000000       4.235229753    
  0.3300000000       4.541442970    
  0.3310000000       5.088922429    
  0.3320000000       5.861363370    
  0.3330000000       6.411810587    
  0.3340000000       6.728270441    
  0.3350000000       7.269147432    
  0.3360000000       7.743747623    
  0.3370000000       7.942936308    
  0.3380000000       7.449546026    
  0.3390000000       6.188980635    
  0.3400000000       4.952866702    
  0.3410000000       4.099795752    
  0.3420000000       3.683945629    
  0.3430000000       3.564935710    
  0.3440000000       3.582869039    
  0.3450000000       3.695280798    
  0.3460000000       3.849399940    
  0.3470000000       4.330466774    
  0.3480000000       4.741716712    
  0.3490000000       5.812499261    
  0.3500000000       6.361572883    
  0.3510000000       6.769070981    
  0.3520000000       6.583121667    
  0.3530000000       6.727755216    
  0.3540000000       6.986547794    
  0.3550000000       7.268091300    
  0.3560000000       7.163849285    
  0.3570000000       8.063649141    
  0.3580000000       11.03167018    
  0.3590000000       7.100073980    
  0.3600000000       7.050338692    
  0.3610000000       7.266460393    
  0.3620000000       7.729518587    
  0.3630000000       8.248496470    
  0.3640000000       8.517325317    
  0.3650000000       8.560411699    
  0.3660000000       8.453456856    
  0.3670000000       8.841594463    
  0.3680000000       8.268675059    
  0.3690000000       8.191692167    
  0.3700000000       8.210376280    
  0.3710000000       8.361906142    
  0.3720000000       8.578908753    
  0.3730000000       8.224769446    
  0.3740000000       7.638723408    
  0.3750000000       7.331855967    
  0.3760000000       7.107040431    
  0.3770000000       6.930295817    
  0.3780000000       6.583687788    
  0.3790000000       6.070456262    
  0.3800000000       5.601289913    
  0.3810000000       6.219666672    
  0.3820000000       6.226227960    
  0.3830000000       6.208047856    
  0.3840000000       5.978244299    
  0.3850000000       6.345652418    
  0.3860000000       6.652906460    
  0.3870000000       6.947154040    
  0.3880000000       7.439536841    
  0.3890000000       7.462600245    
  0.3900000000       8.163649379    
  0.3910000000       8.658346032    
  0.3920000000       8.906701193    
  0.3930000000       6.918323246    
  0.3940000000       8.212522579    
  0.3950000000       8.829458730    
  0.3960000000       8.743411708    
  0.3970000000       8.112000115    
  0.3980000000       7.741453707    
  0.3990000000       7.442534103    
  0.4000000000       9.593802327    
  0.4010000000       7.515192555    
  0.4020000000       7.384505405    
  0.4030000000       7.334270706    
  0.4040000000       7.353205206    
  0.4050000000       7.726965721    
  0.4060000000       7.146795698    
  0.4070000000       7.399181663    
  0.4080000000       7.069100946    
  0.4090000000       7.099678412    
  0.4100000000       7.001050877    
  0.4110000000       6.811483998    
  0.4120000000       8.107037116    
  0.4130000000       6.418773690    
  0.4140000000       6.326365754    
  0.4150000000       6.086840728    
  0.4160000000       5.861474003    
  0.4170000000       5.647330499    
  0.4180000000       5.429043209    
  0.4190000000       5.607524618    
  0.4200000000       5.494813570    
  0.4210000000       5.838624365    
  0.4220000000       6.388163313    
  0.4230000000       5.982127523    
  0.4240000000       6.262960515    
  0.4250000000       6.469619716    
  0.4260000000       6.518412232    
  0.4270000000       6.886477276    
  0.4280000000       7.264649635    
  0.4290000000       7.574240746    
  0.4300000000       7.861834366    
  0.4310000000       8.095926891    
  0.4320000000       8.106916668    
  0.4330000000       7.918829814    
  0.4340000000       7.649132039    
  0.4350000000       7.338772383    
  0.4360000000       7.995432951    
  0.4370000000       7.120692064    
  0.4380000000       6.776562989    
  0.4390000000       6.653550696    
  0.4400000000       6.530312246    
  0.4410000000       6.414948404    
  0.4420000000       6.513434919    
  0.4430000000       6.560860172    
  0.4440000000       6.794314673    
  0.4450000000       7.005376375    
  0.4460000000       7.033860570    
  0.4470000000       6.822275677    
  0.4480000000       6.663583382    
  0.4490000000       6.812468846    
  0.4500000000       7.401929084    
  0.4510000000       8.143097618    
  0.4520000000       8.704275201    
  0.4530000000       8.275394951    
  0.4540000000       8.663193553    
  0.4550000000       7.933315810    
  0.4560000000       7.485759551    
  0.4570000000       7.395437841    
  0.4580000000       7.217237392    
  0.4590000000       7.508813584    
  0.4600000000       7.800673069    
  0.4610000000       7.897362755    
  0.4620000000       8.941079122    
  0.4630000000       8.084513355    
  0.4640000000       8.062609790    
  0.4650000000       8.088200911    
  0.4660000000       7.823917894    
  0.4670000000       7.623340885    
  0.4680000000       7.406428381    
  0.4690000000       7.122547903    
  0.4700000000       7.798422727    
  0.4710000000       8.793900187    
  0.4720000000       8.166138996    
  0.4730000000       7.745081458    
  0.4740000000       7.563817961    
  0.4750000000       7.263355883    
  0.4760000000       6.794822729    
  0.4770000000       6.366449121    
  0.4780000000       6.197978587    
  0.4790000000       6.244912348    
  0.4800000000       6.741929883    
  0.4810000000       6.724658143    
  0.4820000000       6.766111663    
  0.4830000000       6.952481707    
  0.4840000000       6.993472459    
  0.4850000000       7.031681944    
  0.4860000000       7.130220592    
  0.4870000000       7.410078705    
  0.4880000000       7.716552287    
  0.4890000000       8.426977069    
  0.4900000000       8.058825934    
  0.4910000000       8.139458324    
  0.4920000000       8.299426586    
  0.4930000000       8.338038236    
  0.4940000000       8.362398726    
  0.4950000000       8.826504153    
  0.4960000000       8.591906881    
  0.4970000000       8.385221839    
  0.4980000000       8.205248976    
  0.4990000000       8.292365405    
