   0.000000000      0.1536768326E-10
  0.1588994284E-01  0.1350455454E-04
  0.3177988568E-01  0.2703428035E-04
  0.4766982851E-01  0.4061314416E-04
  0.6355977135E-01  0.5426273974E-04
  0.7944971419E-01  0.6800118985E-04
  0.9533965703E-01  0.8184215000E-04
  0.1112295999      0.9579394125E-04
  0.1271195427      0.1098588339E-03
  0.1430094855      0.1240324987E-03
  0.1588994284      0.1383036361E-03
  0.1747893712      0.1526537889E-03
  0.1906793141      0.1670573397E-03
  0.2065692569      0.1814816874E-03
  0.2224591997      0.1958875971E-03
  0.2383491426      0.2102297134E-03
  0.2542390854      0.2244572224E-03
  0.2701290283      0.2385146522E-03
  0.2860189711      0.2523427910E-03
  0.3019089139      0.2658797097E-03
  0.3177988568      0.2790618645E-03
  0.3336887996      0.2918252581E-03
  0.3495787424      0.3041066308E-03
  0.3654686853      0.3158446474E-03
  0.3813586281      0.3269810433E-03
  0.3972485710      0.3374616830E-03
  0.4131385138      0.3472374834E-03
  0.4290284566      0.3562651510E-03
  0.4449183995      0.3645076847E-03
  0.4608083423      0.3719346028E-03
  0.4766982851      0.3785218708E-03
  0.4925882280      0.3842515242E-03
  0.5084781708      0.3891110109E-03
  0.5243681137      0.3930923066E-03
  0.5402580565      0.3961908851E-03
  0.5561479993      0.3984046472E-03
  0.5720379422      0.3997329241E-03
  0.5879278850      0.4001756680E-03
  0.6039174156      0.4028763589E-03
  0.6199069461      0.4108045080E-03
  0.6358964767      0.4234740900E-03
  0.6518860072      0.4401784201E-03
  0.6678755378      0.4601015819E-03
  0.6838650683      0.4824169885E-03
  0.6998545989      0.5063567717E-03
  0.7158441294      0.5312512913E-03
  0.7318336600      0.5565458692E-03
  0.7478231905      0.5818030409E-03
  0.7638127211      0.6066967268E-03
  0.7798022516      0.6310023339E-03
  0.7957917822      0.6545849451E-03
  0.8117813127      0.6773866193E-03
  0.8277708433      0.6716945882E-03
  0.8437603738      0.6366422122E-03
  0.8597499044      0.6039116923E-03
  0.8757394349      0.5749954450E-03
  0.8917289655      0.5513433532E-03
  0.9077184961      0.5342994788E-03
  0.9237080266      0.5249126663E-03
  0.9396975572      0.5236898661E-03
  0.9556870877      0.5303413087E-03
  0.9716766183      0.5434697864E-03
  0.9876661488      0.5598214953E-03
   1.003655679      0.5723949441E-03
   1.019645210      0.5717049985E-03
   1.035634740      0.5576272869E-03
   1.051624271      0.5365952268E-03
   1.067613802      0.5123777815E-03
   1.083603332      0.4865636392E-03
   1.099592863      0.4599038630E-03
   1.115582393      0.4328260101E-03
   1.131571924      0.4056149529E-03
   1.147561454      0.3784821208E-03
   1.163550985      0.3515945070E-03
   1.179540515      0.3250876449E-03
   1.195530046      0.2990716344E-03
   1.211519577      0.2736339815E-03
   1.227509107      0.2488409541E-03
   1.243498638      0.2247382916E-03
   1.259488168      0.2013517094E-03
   1.275477699      0.1786874469E-03
   1.291467229      0.1567329992E-03
   1.307456760      0.1354581091E-03
   1.323446290      0.1148160477E-03
   1.339435821      0.9474517726E-04
   1.355425351      0.7517076156E-04
   1.371414882      0.5600697027E-04
   1.387404413      0.3715901639E-04
   1.403393943      0.1852536941E-04
   1.419383474      0.1536768326E-10
   1.435294739      0.1278302379E-04
   1.451206004      0.2553441114E-04
   1.467117269      0.3822261477E-04
   1.483028534      0.5081626546E-04
   1.498939799      0.6328426049E-04
   1.514851064      0.7559585124E-04
   1.530762330      0.8772072986E-04
   1.546673595      0.9962911437E-04
   1.562584860      0.1112918323E-03
   1.578496125      0.1226804020E-03
   1.594407390      0.1337671114E-03
   1.610318655      0.1445250942E-03
   1.626229920      0.1549284020E-03
   1.642141185      0.1649520729E-03
   1.658052451      0.1745721951E-03
   1.673963716      0.1837659659E-03
   1.689874981      0.1925117449E-03
   1.705786246      0.2007891010E-03
   1.721697511      0.2085788534E-03
   1.737608776      0.2158631050E-03
   1.753520041      0.2226252700E-03
   1.769431306      0.2288500938E-03
   1.785342572      0.2345236666E-03
   1.801253837      0.2396334308E-03
   1.817165102      0.2441681828E-03
   1.833076367      0.2481180696E-03
   1.848987632      0.2514745828E-03
   1.864898897      0.2542305487E-03
   1.880810162      0.2563801179E-03
   1.896721427      0.2579187548E-03
   1.912632693      0.2588432274E-03
   1.928543958      0.2591515999E-03
   1.944455223      0.2596108136E-03
   1.960366488      0.2609785784E-03
   1.976277753      0.2632258395E-03
   1.992189018      0.2663060073E-03
   2.008100283      0.2701574505E-03
   2.024011548      0.2747065365E-03
   2.039922814      0.2798708875E-03
   2.055834079      0.2855625640E-03
   2.071745344      0.2916909558E-03
   2.087656609      0.2981652504E-03
   2.103567874      0.3048964240E-03
   2.119479139      0.3117987658E-03
   2.135390404      0.3187909793E-03
   2.151301669      0.3257969280E-03
   2.167212935      0.3327460942E-03
   2.183124200      0.3395738155E-03
   2.199035465      0.3462213535E-03
   2.214946730      0.3526358384E-03
   2.230857995      0.3587701215E-03
   2.246769260      0.3645825591E-03
   2.262680525      0.3700367441E-03
   2.278591790      0.3751011956E-03
   2.294503056      0.3797490169E-03
   2.310414321      0.3839575277E-03
   2.326325586      0.3877078789E-03
   2.342236851      0.3909846582E-03
   2.358148116      0.3937754972E-03
   2.374059381      0.3960706924E-03
   2.389970646      0.3978628515E-03
   2.405881911      0.3991465804E-03
   2.421793177      0.3999182235E-03
   2.437704442      0.4001756680E-03
   2.453176228      0.4018541590E-03
   2.468648015      0.4068371567E-03
   2.484119801      0.4149736908E-03
   2.499591588      0.4260318459E-03
   2.515063374      0.4397228232E-03
   2.530535160      0.4557261304E-03
   2.546006947      0.4737115720E-03
   2.561478733      0.4933556337E-03
   2.576950520      0.5143516144E-03
   2.592422306      0.5364139154E-03
   2.607894093      0.5592771219E-03
   2.623365879      0.5826899485E-03
   2.638837666      0.6064025592E-03
   2.654309452      0.6301420874E-03
   2.669781238      0.6535615835E-03
   2.685253025      0.6761192769E-03
   2.700724811      0.6921926342E-03
   2.716196598      0.6999453049E-03
   2.731668384      0.7026367756E-03
   2.747065710      0.6914659010E-03
   2.762463036      0.6741923307E-03
   2.777860361      0.6558633073E-03
   2.793257687      0.6369568790E-03
   2.808655013      0.6176074688E-03
   2.824052339      0.5978879996E-03
   2.839449664      0.5778558392E-03
   2.854846990      0.5575651559E-03
   2.870244316      0.5370716009E-03
   2.885641641      0.5164347640E-03
   2.901038967      0.4957199475E-03
   2.916436293      0.4749998079E-03
   2.931833619      0.4543561085E-03
   2.947230944      0.4338817115E-03
   2.962628270      0.4136828879E-03
   2.978025596      0.3938819780E-03
   2.993422921      0.3746203719E-03
   3.008820247      0.3560616754E-03
   3.024217573      0.3383947406E-03
   3.039614899      0.3218359623E-03
   3.055012224      0.3066298379E-03
   3.070409550      0.2930463154E-03
   3.085806876      0.2813730876E-03
   3.101204201      0.2719010714E-03
   3.116601527      0.2649023831E-03
   3.131998853      0.2606025030E-03
   3.147396179      0.2591515999E-03
     
   0.000000000      0.2057951587E-10
  0.1588994284E-01  0.3110564968E-04
  0.3177988568E-01  0.6230316667E-04
  0.4766982851E-01  0.9368103042E-04
  0.6355977135E-01  0.1253210607E-03
  0.7944971419E-01  0.1572953703E-03
  0.9533965703E-01  0.1896636350E-03
  0.1112295999      0.2224707575E-03
  0.1271195427      0.2557449738E-03
  0.1430094855      0.2894964349E-03
  0.1588994284      0.3237162687E-03
  0.1747893712      0.3583761139E-03
  0.1906793141      0.3934280991E-03
  0.2065692569      0.4288052305E-03
  0.2224591997      0.4644221450E-03
  0.2383491426      0.5001761804E-03
  0.2542390854      0.5359487100E-03
  0.2701290283      0.5716066927E-03
  0.2860189711      0.6070043837E-03
  0.3019089139      0.6419851547E-03
  0.3177988568      0.6763833667E-03
  0.3336887996      0.7100262346E-03
  0.3495787424      0.7427356077E-03
  0.3654686853      0.7743295674E-03
  0.3813586281      0.8046236948E-03
  0.3972485710      0.7988229102E-03
  0.4131385138      0.7584331479E-03
  0.4290284566      0.7165580645E-03
  0.4449183995      0.6737949399E-03
  0.4608083423      0.6307650378E-03
  0.4766982851      0.5881891810E-03
  0.4925882280      0.5469396936E-03
  0.5084781708      0.5080846446E-03
  0.5243681137      0.4729191786E-03
  0.5402580565      0.4429603290E-03
  0.5561479993      0.4198624858E-03
  0.5720379422      0.4052077900E-03
  0.5879278850      0.4001756680E-03
  0.6039174156      0.4044883437E-03
  0.6199069461      0.4170658042E-03
  0.6358964767      0.4369304278E-03
  0.6518860072      0.4627338675E-03
  0.6678755378      0.4930137051E-03
  0.6838650683      0.5263700854E-03
  0.6998545989      0.5615458684E-03
  0.7158441294      0.5974339343E-03
  0.7318336600      0.6330367221E-03
  0.7478231905      0.6673815004E-03
  0.7638127211      0.6993286643E-03
  0.7798022516      0.7267043273E-03
  0.7957917822      0.7358157616E-03
  0.8117813127      0.7071885772E-03
  0.8277708433      0.6994132245E-03
  0.8437603738      0.7207209567E-03
  0.8597499044      0.7414025728E-03
  0.8757394349      0.7615732616E-03
  0.8917289655      0.7781466716E-03
  0.9077184961      0.7644481306E-03
  0.9237080266      0.7485495541E-03
  0.9396975572      0.7310963524E-03
  0.9556870877      0.7127962975E-03
  0.9716766183      0.6947696209E-03
  0.9876661488      0.6794547302E-03
   1.003655679      0.6727193688E-03
   1.019645210      0.6828036620E-03
   1.035634740      0.7086214213E-03
   1.051624271      0.7426378713E-03
   1.067613802      0.7801049841E-03
   1.083603332      0.7845689880E-03
   1.099592863      0.7538843613E-03
   1.115582393      0.7218257036E-03
   1.131571924      0.6885401191E-03
   1.147561454      0.6541606780E-03
   1.163550985      0.6188137421E-03
   1.179540515      0.5826213488E-03
   1.195530046      0.5457014376E-03
   1.211519577      0.5081670770E-03
   1.227509107      0.4701252398E-03
   1.243498638      0.4316754243E-03
   1.259488168      0.3929083058E-03
   1.275477699      0.3539045465E-03
   1.291467229      0.3147338592E-03
   1.307456760      0.2754543994E-03
   1.323446290      0.2361125396E-03
   1.339435821      0.1967430596E-03
   1.355425351      0.1573697690E-03
   1.371414882      0.1180065534E-03
   1.387404413      0.7865881659E-04
   1.403393943      0.3932527005E-04
   1.419383474      0.2062956135E-10
   1.435294739      0.1278302379E-04
   1.451206004      0.2553441114E-04
   1.467117269      0.3822261477E-04
   1.483028534      0.5081626546E-04
   1.498939799      0.6328426049E-04
   1.514851064      0.7559585124E-04
   1.530762330      0.8772072986E-04
   1.546673595      0.9962911437E-04
   1.562584860      0.1112918323E-03
   1.578496125      0.1226804020E-03
   1.594407390      0.1337671114E-03
   1.610318655      0.1445250942E-03
   1.626229920      0.1549284020E-03
   1.642141185      0.1649520729E-03
   1.658052451      0.1745721951E-03
   1.673963716      0.1837659659E-03
   1.689874981      0.1925117449E-03
   1.705786246      0.2007891010E-03
   1.721697511      0.2085788534E-03
   1.737608776      0.2158631050E-03
   1.753520041      0.2226252700E-03
   1.769431306      0.2288500938E-03
   1.785342572      0.2345236666E-03
   1.801253837      0.2396334308E-03
   1.817165102      0.2441681828E-03
   1.833076367      0.2481180696E-03
   1.848987632      0.2514745828E-03
   1.864898897      0.2542305487E-03
   1.880810162      0.2563801179E-03
   1.896721427      0.2579187548E-03
   1.912632693      0.2588432274E-03
   1.928543958      0.2591515999E-03
   1.944455223      0.2637865572E-03
   1.960366488      0.2771826440E-03
   1.976277753      0.2980381792E-03
   1.992189018      0.3247323342E-03
   2.008100283      0.3557154944E-03
   2.024011548      0.3896886245E-03
   2.039922814      0.4256276570E-03
   2.055834079      0.4627404322E-03
   2.071745344      0.5004085975E-03
   2.087656609      0.5381339233E-03
   2.103567874      0.5754904535E-03
   2.119479139      0.6120725301E-03
   2.135390404      0.6474081977E-03
   2.151301669      0.6807272655E-03
   2.167212935      0.7100575456E-03
   2.183124200      0.7283357327E-03
   2.199035465      0.7235382139E-03
   2.214946730      0.7034775348E-03
   2.230857995      0.6782652923E-03
   2.246769260      0.6509205439E-03
   2.262680525      0.6225172646E-03
   2.278591790      0.5936700152E-03
   2.294503056      0.5648771377E-03
   2.310414321      0.5366250083E-03
   2.326325586      0.5094294701E-03
   2.342236851      0.4838548740E-03
   2.358148116      0.4605197668E-03
   2.374059381      0.4400884339E-03
   2.389970646      0.4232439087E-03
   2.405881911      0.4106386216E-03
   2.421793177      0.4028245931E-03
   2.437704442      0.4001756680E-03
   2.453176228      0.4023951121E-03
   2.468648015      0.4089415919E-03
   2.484119801      0.4194978660E-03
   2.499591588      0.4335894170E-03
   2.515063374      0.4506461070E-03
   2.530535160      0.4700606662E-03
   2.546006947      0.4912334753E-03
   2.561478733      0.5136004590E-03
   2.576950520      0.5366457484E-03
   2.592422306      0.5599024508E-03
   2.607894093      0.5829443978E-03
   2.623365879      0.6053702922E-03
   2.638837666      0.6267799939E-03
   2.654309452      0.6467413484E-03
   2.669781238      0.6647462641E-03
   2.685253025      0.6801606033E-03
   2.700724811      0.6967556747E-03
   2.716196598      0.7130121950E-03
   2.731668384      0.7197483539E-03
   2.747065710      0.7304152402E-03
   2.762463036      0.7461789831E-03
   2.777860361      0.7619987966E-03
   2.793257687      0.7414120412E-03
   2.808655013      0.7184687137E-03
   2.824052339      0.6946506685E-03
   2.839449664      0.6701858322E-03
   2.854846990      0.6452212670E-03
   2.870244316      0.6198673989E-03
   2.885641641      0.5942185036E-03
   2.901038967      0.5683634927E-03
   2.916436293      0.5423925094E-03
   2.931833619      0.5164017391E-03
   2.947230944      0.4904976101E-03
   2.962628270      0.4648010440E-03
   2.978025596      0.4394521784E-03
   2.993422921      0.4146158544E-03
   3.008820247      0.3904880317E-03
   3.024217573      0.3673030771E-03
   3.039614899      0.3453414520E-03
   3.055012224      0.3249365478E-03
   3.070409550      0.3064781372E-03
   3.085806876      0.2904081696E-03
   3.101204201      0.2772030397E-03
   3.116601527      0.2673367064E-03
   3.131998853      0.2612237212E-03
   3.147396179      0.2591515999E-03
     
   0.000000000      0.2062956135E-10
  0.1588994284E-01  0.5515240561E-04
  0.3177988568E-01  0.1101136541E-03
  0.4766982851E-01  0.1646942073E-03
  0.6355977135E-01  0.2187077414E-03
  0.7944971419E-01  0.2719726946E-03
  0.9533965703E-01  0.3243137444E-03
  0.1112295999      0.3755631861E-03
  0.1271195427      0.4255621869E-03
  0.1430094855      0.4741618799E-03
  0.1588994284      0.5212242543E-03
  0.1747893712      0.5666227755E-03
  0.1906793141      0.6102426289E-03
  0.2065692569      0.6519803948E-03
  0.2224591997      0.6917427762E-03
  0.2383491426      0.7294435767E-03
  0.2542390854      0.7649970412E-03
  0.2701290283      0.7983026333E-03
  0.2860189711      0.8292064747E-03
  0.3019089139      0.8573864443E-03
  0.3177988568      0.8819205193E-03
  0.3336887996      0.8991874613E-03
  0.3495787424      0.8967304349E-03
  0.3654686853      0.8713912056E-03
  0.3813586281      0.8369815720E-03
  0.3972485710      0.8334317717E-03
  0.4131385138      0.8605655043E-03
  0.4290284566      0.8858325282E-03
  0.4449183995      0.9090313235E-03
  0.4608083423      0.9299405988E-03
  0.4766982851      0.9482996507E-03
  0.4925882280      0.9637799291E-03
  0.5084781708      0.9759797013E-03
  0.5243681137      0.9845761935E-03
  0.5402580565      0.9897567375E-03
  0.5561479993      0.9924110162E-03
  0.5720379422      0.9935710983E-03
  0.5879278850      0.9938893502E-03
  0.6039174156      0.9933177239E-03
  0.6199069461      0.9915213567E-03
  0.6358964767      0.9882026540E-03
  0.6518860072      0.9826567417E-03
  0.6678755378      0.9735148719E-03
  0.6838650683      0.9592391593E-03
  0.6998545989      0.9395561915E-03
  0.7158441294      0.9152815229E-03
  0.7318336600      0.8872972579E-03
  0.7478231905      0.8563581568E-03
  0.7638127211      0.8233014314E-03
  0.7798022516      0.7899039038E-03
  0.7957917822      0.7693259174E-03
  0.8117813127      0.7804129148E-03
  0.8277708433      0.7918981964E-03
  0.8437603738      0.7969795994E-03
  0.8597499044      0.7955813442E-03
  0.8757394349      0.7888704023E-03
  0.8917289655      0.7813558346E-03
  0.9077184961      0.8008642845E-03
  0.9237080266      0.8201829526E-03
  0.9396975572      0.8393329455E-03
  0.9556870877      0.8581973903E-03
  0.9716766183      0.8762897062E-03
  0.9876661488      0.8917888473E-03
   1.003655679      0.8978935468E-03
   1.019645210      0.8868239288E-03
   1.035634740      0.8659199380E-03
   1.051624271      0.8410006015E-03
   1.067613802      0.8136985113E-03
   1.083603332      0.8185270823E-03
   1.099592863      0.8561306946E-03
   1.115582393      0.8905463565E-03
   1.131571924      0.9139627848E-03
   1.147561454      0.9077930243E-03
   1.163550985      0.8810448618E-03
   1.179540515      0.8468468485E-03
   1.195530046      0.8081516491E-03
   1.211519577      0.7657776486E-03
   1.227509107      0.7200989734E-03
   1.243498638      0.6713697247E-03
   1.259488168      0.6198100212E-03
   1.275477699      0.5656345917E-03
   1.291467229      0.5090635820E-03
   1.307456760      0.4503267512E-03
   1.323446290      0.3896648333E-03
   1.339435821      0.3273295229E-03
   1.355425351      0.2635827142E-03
   1.371414882      0.1986952901E-03
   1.387404413      0.1329456161E-03
   1.403393943      0.6661783166E-04
   1.419383474      0.2089859716E-10
   1.435294739      0.4999015884E-04
   1.451206004      0.9985964513E-04
   1.467117269      0.1494880696E-03
   1.483028534      0.1987556081E-03
   1.498939799      0.2475432817E-03
   1.514851064      0.2957332324E-03
   1.530762330      0.3432089937E-03
   1.546673595      0.3898557550E-03
   1.562584860      0.4355606155E-03
   1.578496125      0.4802128266E-03
   1.594407390      0.5237040174E-03
   1.610318655      0.5659283977E-03
   1.626229920      0.6067829279E-03
   1.642141185      0.6461674423E-03
   1.658052451      0.6839846978E-03
   1.673963716      0.7201403050E-03
   1.689874981      0.7545424581E-03
   1.705786246      0.7871013024E-03
   1.721697511      0.8177276117E-03
   1.737608776      0.8463300413E-03
   1.753520041      0.8728091943E-03
   1.769431306      0.8970437633E-03
   1.785342572      0.9188543107E-03
   1.801253837      0.9378938493E-03
   1.817165102      0.9532718592E-03
   1.833076367      0.9625983076E-03
   1.848987632      0.9639316217E-03
   1.864898897      0.9611086724E-03
   1.880810162      0.9576746910E-03
   1.896721427      0.9548520533E-03
   1.912632693      0.9530553723E-03
   1.928543958      0.9524422393E-03
   1.944455223      0.9518748369E-03
   1.960366488      0.9501617672E-03
   1.976277753      0.9472709582E-03
   1.992189018      0.9431506425E-03
   2.008100283      0.9377318561E-03
   2.024011548      0.9309320996E-03
   2.039922814      0.9226606331E-03
   2.055834079      0.9128261125E-03
   2.071745344      0.9013473585E-03
   2.087656609      0.8881682059E-03
   2.103567874      0.8732785356E-03
   2.119479139      0.8567486396E-03
   2.135390404      0.8388033370E-03
   2.151301669      0.8200433776E-03
   2.167212935      0.8023390149E-03
   2.183124200      0.7927090762E-03
   2.199035465      0.8031808031E-03
   2.214946730      0.8259854172E-03
   2.230857995      0.8510890639E-03
   2.246769260      0.8755801093E-03
   2.262680525      0.8985190924E-03
   2.278591790      0.9194520110E-03
   2.294503056      0.9380680046E-03
   2.310414321      0.9541003250E-03
   2.326325586      0.9673037137E-03
   2.342236851      0.9774940466E-03
   2.358148116      0.9846777967E-03
   2.374059381      0.9892153832E-03
   2.389970646      0.9917878098E-03
   2.405881911      0.9931136746E-03
   2.421793177      0.9937178375E-03
   2.437704442      0.9938893502E-03
   2.453176228      0.9935782877E-03
   2.468648015      0.9926283060E-03
   2.484119801      0.9909910466E-03
   2.499591588      0.9885928534E-03
   2.515063374      0.9853455665E-03
   2.530535160      0.9811614284E-03
   2.546006947      0.9759702237E-03
   2.561478733      0.9697353667E-03
   2.576950520      0.9624656387E-03
   2.592422306      0.9542212730E-03
   2.607894093      0.9393557415E-03
   2.623365879      0.9217045984E-03
   2.638837666      0.9030441286E-03
   2.654309452      0.8836105402E-03
   2.669781238      0.8637284450E-03
   2.685253025      0.8439274424E-03
   2.700724811      0.8252614772E-03
   2.716196598      0.8101873235E-03
   2.731668384      0.8038452601E-03
   2.747065710      0.7976432339E-03
   2.762463036      0.7825297867E-03
   2.777860361      0.7630642809E-03
   2.793257687      0.7774075421E-03
   2.808655013      0.7922863854E-03
   2.824052339      0.8065829971E-03
   2.839449664      0.8202660411E-03
   2.854846990      0.8333133718E-03
   2.870244316      0.8457080427E-03
   2.885641641      0.8574367008E-03
   2.901038967      0.8684888513E-03
   2.916436293      0.8788564770E-03
   2.931833619      0.8885338123E-03
   2.947230944      0.8975171847E-03
   2.962628270      0.9058048845E-03
   2.978025596      0.9133970461E-03
   2.993422921      0.9202955328E-03
   3.008820247      0.9265038203E-03
   3.024217573      0.9320268729E-03
   3.039614899      0.9368709961E-03
   3.055012224      0.9410436407E-03
   3.070409550      0.9445531213E-03
   3.085806876      0.9474082116E-03
   3.101204201      0.9496175938E-03
   3.116601527      0.9511891743E-03
   3.131998853      0.9521293350E-03
   3.147396179      0.9524422393E-03
     
   0.000000000      0.1215508796E-02
  0.1588994284E-01  0.1215045359E-02
  0.3177988568E-01  0.1213660368E-02
  0.4766982851E-01  0.1211369681E-02
  0.6355977135E-01  0.1208199405E-02
  0.7944971419E-01  0.1204185417E-02
  0.9533965703E-01  0.1199372717E-02
  0.1112295999      0.1193814626E-02
  0.1271195427      0.1187571858E-02
  0.1430094855      0.1180711486E-02
  0.1588994284      0.1173305831E-02
  0.1747893712      0.1165431302E-02
  0.1906793141      0.1156295538E-02
  0.2065692569      0.1142705128E-02
  0.2224591997      0.1127162975E-02
  0.2383491426      0.1109574042E-02
  0.2542390854      0.1089876206E-02
  0.2701290283      0.1068058695E-02
  0.2860189711      0.1044203525E-02
  0.3019089139      0.1018602973E-02
  0.3177988568      0.9921936170E-03
  0.3336887996      0.9686579670E-03
  0.3495787424      0.9605632952E-03
  0.3654686853      0.9712302778E-03
  0.3813586281      0.9870651557E-03
  0.3972485710      0.1003025032E-02
  0.4131385138      0.1017937657E-02
  0.4290284566      0.1031479698E-02
  0.4449183995      0.1033015405E-02
  0.4608083423      0.1028977324E-02
  0.4766982851      0.1025826252E-02
  0.4925882280      0.1023776420E-02
  0.5084781708      0.1023126367E-02
  0.5243681137      0.1024108485E-02
  0.5402580565      0.1026459359E-02
  0.5561479993      0.1029228779E-02
  0.5720379422      0.1031340711E-02
  0.5879278850      0.1032116111E-02
  0.6039174156      0.1030936506E-02
  0.6199069461      0.1027353821E-02
  0.6358964767      0.1021345467E-02
  0.6518860072      0.1013252742E-02
  0.6678755378      0.1004211916E-02
  0.6838650683      0.9957542780E-03
  0.6998545989      0.9883640603E-03
  0.7158441294      0.9816085568E-03
  0.7318336600      0.9751417077E-03
  0.7478231905      0.9689367373E-03
  0.7638127211      0.9632389855E-03
  0.7798022516      0.9585605508E-03
  0.7957917822      0.9557157435E-03
  0.8117813127      0.9557851352E-03
  0.8277708433      0.9597927194E-03
  0.8437603738      0.9680462650E-03
  0.8597499044      0.9797375112E-03
  0.8757394349      0.9933560783E-03
  0.8917289655      0.1007375117E-02
  0.9077184961      0.1020560658E-02
  0.9237080266      0.1016356759E-02
  0.9396975572      0.1001941711E-02
  0.9556870877      0.9862562934E-03
  0.9716766183      0.9698227389E-03
  0.9876661488      0.9544781957E-03
   1.003655679      0.9470185628E-03
   1.019645210      0.9551970120E-03
   1.035634740      0.9716276078E-03
   1.051624271      0.9904297361E-03
   1.067613802      0.1009898570E-02
   1.083603332      0.1023281117E-02
   1.099592863      0.1005955624E-02
   1.115582393      0.9872802280E-03
   1.131571924      0.9744912035E-03
   1.147561454      0.9857691278E-03
   1.163550985      0.1011841178E-02
   1.179540515      0.1039437449E-02
   1.195530046      0.1065574564E-02
   1.211519577      0.1089503025E-02
   1.227509107      0.1111006458E-02
   1.243498638      0.1130065776E-02
   1.259488168      0.1146759961E-02
   1.275477699      0.1161222603E-02
   1.291467229      0.1173615229E-02
   1.307456760      0.1184107638E-02
   1.323446290      0.1192863132E-02
   1.339435821      0.1200028417E-02
   1.355425351      0.1205727902E-02
   1.371414882      0.1210061516E-02
   1.387404413      0.1213104840E-02
   1.403393943      0.1214910340E-02
   1.419383474      0.1215508796E-02
   1.435294739      0.1214951550E-02
   1.451206004      0.1213283672E-02
   1.467117269      0.1210516743E-02
   1.483028534      0.1206670068E-02
   1.498939799      0.1201770689E-02
   1.514851064      0.1195853388E-02
   1.530762330      0.1188960702E-02
   1.546673595      0.1181142923E-02
   1.562584860      0.1172458100E-02
   1.578496125      0.1162972029E-02
   1.594407390      0.1152758224E-02
   1.610318655      0.1141897877E-02
   1.626229920      0.1130479793E-02
   1.642141185      0.1118600305E-02
   1.658052451      0.1106363178E-02
   1.673963716      0.1093879528E-02
   1.689874981      0.1081267818E-02
   1.705786246      0.1068654059E-02
   1.721697511      0.1056172539E-02
   1.737608776      0.1043967773E-02
   1.753520041      0.1032199425E-02
   1.769431306      0.1021054921E-02
   1.785342572      0.1010784187E-02
   1.801253837      0.1001807355E-02
   1.817165102      0.9950888210E-03
   1.833076367      0.9930911290E-03
   1.848987632      0.9978247977E-03
   1.864898897      0.1005516105E-02
   1.880810162      0.1012675013E-02
   1.896721427      0.1018124404E-02
   1.912632693      0.1021483302E-02
   1.928543958      0.1022614840E-02
   1.944455223      0.1022710705E-02
   1.960366488      0.1022998736E-02
   1.976277753      0.1023479895E-02
   1.992189018      0.1024154758E-02
   2.008100283      0.1025022388E-02
   2.024011548      0.1026079348E-02
   2.039922814      0.1027319049E-02
   2.055834079      0.1028731449E-02
   2.071745344      0.1030302934E-02
   2.087656609      0.1032016164E-02
   2.103567874      0.1033849542E-02
   2.119479139      0.1035775759E-02
   2.135390404      0.1037758358E-02
   2.151301669      0.1039743754E-02
   2.167212935      0.1041642284E-02
   2.183124200      0.1043281924E-02
   2.199035465      0.1044305511E-02
   2.214946730      0.1044081603E-02
   2.230857995      0.1042171749E-02
   2.246769260      0.1039084597E-02
   2.262680525      0.1035637539E-02
   2.278591790      0.1032334240E-02
   2.294503056      0.1029454130E-02
   2.310414321      0.1027200130E-02
   2.326325586      0.1025764976E-02
   2.342236851      0.1025323860E-02
   2.358148116      0.1025929275E-02
   2.374059381      0.1027355204E-02
   2.389970646      0.1029112226E-02
   2.405881911      0.1030690744E-02
   2.421793177      0.1031747935E-02
   2.437704442      0.1032116111E-02
   2.453176228      0.1031486963E-02
   2.468648015      0.1029560591E-02
   2.484119801      0.1026230634E-02
   2.499591588      0.1021353411E-02
   2.515063374      0.1014791072E-02
   2.530535160      0.1006452493E-02
   2.546006947      0.9963153767E-03
   2.561478733      0.9844247977E-03
   2.576950520      0.9708773539E-03
   2.592422306      0.9558035202E-03
   2.607894093      0.9451161570E-03
   2.623365879      0.9353203575E-03
   2.638837666      0.9250680973E-03
   2.654309452      0.9146759168E-03
   2.669781238      0.9045737552E-03
   2.685253025      0.8953447242E-03
   2.700724811      0.8877486622E-03
   2.716196598      0.8826639240E-03
   2.731668384      0.8808627427E-03
   2.747065710      0.8864827383E-03
   2.762463036      0.8998519360E-03
   2.777860361      0.9164165412E-03
   2.793257687      0.9340206416E-03
   2.808655013      0.9517820555E-03
   2.824052339      0.9693022349E-03
   2.839449664      0.9863758533E-03
   2.854846990      0.1002883787E-02
   2.870244316      0.1018749617E-02
   2.885641641      0.1033920086E-02
   2.901038967      0.1047487540E-02
   2.916436293      0.1044568009E-02
   2.931833619      0.1041802597E-02
   2.947230944      0.1039199953E-02
   2.962628270      0.1036768223E-02
   2.978025596      0.1034514919E-02
   2.993422921      0.1032446775E-02
   3.008820247      0.1030569574E-02
   3.024217573      0.1028887974E-02
   3.039614899      0.1027405350E-02
   3.055012224      0.1026123674E-02
   3.070409550      0.1025043501E-02
   3.085806876      0.1024164093E-02
   3.101204201      0.1023483711E-02
   3.116601527      0.1023000090E-02
   3.131998853      0.1022711005E-02
   3.147396179      0.1022614840E-02
     
   0.000000000      0.1215508796E-02
  0.1588994284E-01  0.1215232460E-02
  0.3177988568E-01  0.1214390359E-02
  0.4766982851E-01  0.1212943637E-02
  0.6355977135E-01  0.1210828906E-02
  0.7944971419E-01  0.1207960252E-02
  0.9533965703E-01  0.1204231918E-02
  0.1112295999      0.1199521576E-02
  0.1271195427      0.1193694056E-02
  0.1430094855      0.1186605445E-02
  0.1588994284      0.1178107435E-02
  0.1747893712      0.1168051879E-02
  0.1906793141      0.1157167219E-02
  0.2065692569      0.1148594638E-02
  0.2224591997      0.1139795211E-02
  0.2383491426      0.1130850107E-02
  0.2542390854      0.1121839012E-02
  0.2701290283      0.1112839228E-02
  0.2860189711      0.1103924908E-02
  0.3019089139      0.1095166430E-02
  0.3177988568      0.1086629952E-02
  0.3336887996      0.1078377174E-02
  0.3495787424      0.1070465354E-02
  0.3654686853      0.1062947647E-02
  0.3813586281      0.1055873899E-02
  0.3972485710      0.1049292082E-02
  0.4131385138      0.1043250773E-02
  0.4290284566      0.1037803372E-02
  0.4449183995      0.1043566598E-02
  0.4608083423      0.1054198839E-02
  0.4766982851      0.1063411454E-02
  0.4925882280      0.1071253486E-02
  0.5084781708      0.1077777963E-02
  0.5243681137      0.1083036194E-02
  0.5402580565      0.1087074110E-02
  0.5561479993      0.1089929746E-02
  0.5720379422      0.1091631457E-02
  0.5879278850      0.1092196726E-02
  0.6039174156      0.1091624661E-02
  0.6199069461      0.1090048593E-02
  0.6358964767      0.1087834051E-02
  0.6518860072      0.1085423808E-02
  0.6678755378      0.1083169226E-02
  0.6838650683      0.1081244716E-02
  0.6998545989      0.1079670328E-02
  0.7158441294      0.1078379261E-02
  0.7318336600      0.1077273552E-02
  0.7478231905      0.1076255416E-02
  0.7638127211      0.1075242232E-02
  0.7798022516      0.1074173547E-02
  0.7957917822      0.1073014570E-02
  0.8117813127      0.1071758062E-02
  0.8277708433      0.1070425424E-02
  0.8437603738      0.1066831607E-02
  0.8597499044      0.1059511801E-02
  0.8757394349      0.1050872057E-02
  0.8917289655      0.1040831451E-02
  0.9077184961      0.1029333314E-02
  0.9237080266      0.1031957523E-02
  0.9396975572      0.1040869556E-02
  0.9556870877      0.1047120536E-02
  0.9716766183      0.1051321285E-02
  0.9876661488      0.1054351121E-02
   1.003655679      0.1056584196E-02
   1.019645210      0.1057426905E-02
   1.035634740      0.1055167141E-02
   1.051624271      0.1048507012E-02
   1.067613802      0.1037680158E-02
   1.083603332      0.1029401678E-02
   1.099592863      0.1048590881E-02
   1.115582393      0.1067216609E-02
   1.131571924      0.1085076255E-02
   1.147561454      0.1101999160E-02
   1.163550985      0.1117843217E-02
   1.179540515      0.1132495277E-02
   1.195530046      0.1145872472E-02
   1.211519577      0.1157923248E-02
   1.227509107      0.1168627562E-02
   1.243498638      0.1177951634E-02
   1.259488168      0.1185104751E-02
   1.275477699      0.1191512810E-02
   1.291467229      0.1197118965E-02
   1.307456760      0.1201899115E-02
   1.323446290      0.1205862095E-02
   1.339435821      0.1209045865E-02
   1.355425351      0.1211509844E-02
   1.371414882      0.1213324504E-02
   1.387404413      0.1214559918E-02
   1.403393943      0.1215274992E-02
   1.419383474      0.1215508796E-02
   1.435294739      0.1215386730E-02
   1.451206004      0.1215021653E-02
   1.467117269      0.1214416915E-02
   1.483028534      0.1213578075E-02
   1.498939799      0.1212512851E-02
   1.514851064      0.1211231065E-02
   1.530762330      0.1209744561E-02
   1.546673595      0.1208067114E-02
   1.562584860      0.1206214316E-02
   1.578496125      0.1204203448E-02
   1.594407390      0.1202053335E-02
   1.610318655      0.1199784188E-02
   1.626229920      0.1197417424E-02
   1.642141185      0.1194975483E-02
   1.658052451      0.1192481620E-02
   1.673963716      0.1189959694E-02
   1.689874981      0.1187433943E-02
   1.705786246      0.1184928754E-02
   1.721697511      0.1182468423E-02
   1.737608776      0.1180076915E-02
   1.753520041      0.1177777625E-02
   1.769431306      0.1175593133E-02
   1.785342572      0.1173544974E-02
   1.801253837      0.1171653409E-02
   1.817165102      0.1169937210E-02
   1.833076367      0.1168413456E-02
   1.848987632      0.1167097352E-02
   1.864898897      0.1166002057E-02
   1.880810162      0.1165138545E-02
   1.896721427      0.1164515479E-02
   1.912632693      0.1164139116E-02
   1.928543958      0.1164013240E-02
   1.944455223      0.1163384047E-02
   1.960366488      0.1161511457E-02
   1.976277753      0.1158440343E-02
   1.992189018      0.1154245086E-02
   2.008100283      0.1149028617E-02
   2.024011548      0.1142920434E-02
   2.039922814      0.1136073055E-02
   2.055834079      0.1128656491E-02
   2.071745344      0.1120850698E-02
   2.087656609      0.1112836596E-02
   2.103567874      0.1104787123E-02
   2.119479139      0.1096860504E-02
   2.135390404      0.1089198439E-02
   2.151301669      0.1081932727E-02
   2.167212935      0.1075206693E-02
   2.183124200      0.1069226842E-02
   2.199035465      0.1064372595E-02
   2.214946730      0.1061292828E-02
   2.230857995      0.1060445777E-02
   2.246769260      0.1061351676E-02
   2.262680525      0.1063237566E-02
   2.278591790      0.1065666018E-02
   2.294503056      0.1068451145E-02
   2.310414321      0.1071512780E-02
   2.326325586      0.1074798148E-02
   2.342236851      0.1078235017E-02
   2.358148116      0.1081700403E-02
   2.374059381      0.1085009279E-02
   2.389970646      0.1087930639E-02
   2.405881911      0.1090225906E-02
   2.421793177      0.1091692443E-02
   2.437704442      0.1092196726E-02
   2.453176228      0.1091948329E-02
   2.468648015      0.1091247608E-02
   2.484119801      0.1090217503E-02
   2.499591588      0.1089029181E-02
   2.515063374      0.1087858681E-02
   2.530535160      0.1086845776E-02
   2.546006947      0.1086071668E-02
   2.561478733      0.1085516184E-02
   2.576950520      0.1084981585E-02
   2.592422306      0.1084714485E-02
   2.607894093      0.1084694469E-02
   2.623365879      0.1084877857E-02
   2.638837666      0.1085207169E-02
   2.654309452      0.1085619572E-02
   2.669781238      0.1086053529E-02
   2.685253025      0.1086453621E-02
   2.700724811      0.1086773898E-02
   2.716196598      0.1086952998E-02
   2.731668384      0.1086994557E-02
   2.747065710      0.1083051786E-02
   2.762463036      0.1079125039E-02
   2.777860361      0.1075253064E-02
   2.793257687      0.1071446368E-02
   2.808655013      0.1067715341E-02
   2.824052339      0.1064070281E-02
   2.839449664      0.1060521394E-02
   2.854846990      0.1057078783E-02
   2.870244316      0.1053752423E-02
   2.885641641      0.1050552135E-02
   2.901038967      0.1048355528E-02
   2.916436293      0.1062024830E-02
   2.931833619      0.1074902608E-02
   2.947230944      0.1086967556E-02
   2.962628270      0.1098201422E-02
   2.978025596      0.1108588362E-02
   2.993422921      0.1118114514E-02
   3.008820247      0.1126767709E-02
   3.024217573      0.1134537273E-02
   3.039614899      0.1141413884E-02
   3.055012224      0.1147389478E-02
   3.070409550      0.1152457168E-02
   3.085806876      0.1156611200E-02
   3.101204201      0.1159846907E-02
   3.116601527      0.1162160686E-02
   3.131998853      0.1163549974E-02
   3.147396179      0.1164013240E-02
     
   0.000000000      0.1215508796E-02
  0.1588994284E-01  0.1215361805E-02
  0.3177988568E-01  0.1214920247E-02
  0.4766982851E-01  0.1214182418E-02
  0.6355977135E-01  0.1213145633E-02
  0.7944971419E-01  0.1211806459E-02
  0.9533965703E-01  0.1210161035E-02
  0.1112295999      0.1208205465E-02
  0.1271195427      0.1205936280E-02
  0.1430094855      0.1203350961E-02
  0.1588994284      0.1200448489E-02
  0.1747893712      0.1197229939E-02
  0.1906793141      0.1193699057E-02
  0.2065692569      0.1189862837E-02
  0.2224591997      0.1185732056E-02
  0.2383491426      0.1181321744E-02
  0.2542390854      0.1176651578E-02
  0.2701290283      0.1171746156E-02
  0.2860189711      0.1166635160E-02
  0.3019089139      0.1161353354E-02
  0.3177988568      0.1155940429E-02
  0.3336887996      0.1150440667E-02
  0.3495787424      0.1144902434E-02
  0.3654686853      0.1139377489E-02
  0.3813586281      0.1133920146E-02
  0.3972485710      0.1128586294E-02
  0.4131385138      0.1123432325E-02
  0.4290284566      0.1118514010E-02
  0.4449183995      0.1113885379E-02
  0.4608083423      0.1109597664E-02
  0.4766982851      0.1105698346E-02
  0.4925882280      0.1102230364E-02
  0.5084781708      0.1099231506E-02
  0.5243681137      0.1096733988E-02
  0.5402580565      0.1094764212E-02
  0.5561479993      0.1093342669E-02
  0.5720379422      0.1092483936E-02
  0.5879278850      0.1092196726E-02
  0.6039174156      0.1092208608E-02
  0.6199069461      0.1092239466E-02
  0.6358964767      0.1092274809E-02
  0.6518860072      0.1092290097E-02
  0.6678755378      0.1092250215E-02
  0.6838650683      0.1092108871E-02
  0.6998545989      0.1091808024E-02
  0.7158441294      0.1091277501E-02
  0.7318336600      0.1090434951E-02
  0.7478231905      0.1089186299E-02
  0.7638127211      0.1087426807E-02
  0.7798022516      0.1085042839E-02
  0.7957917822      0.1081914311E-02
  0.8117813127      0.1077917764E-02
  0.8277708433      0.1072929926E-02
  0.8437603738      0.1069067610E-02
  0.8597499044      0.1067766700E-02
  0.8757394349      0.1066639670E-02
  0.8917289655      0.1065846912E-02
  0.9077184961      0.1065607649E-02
  0.9237080266      0.1066209880E-02
  0.9396975572      0.1067928282E-02
  0.9556870877      0.1070670977E-02
  0.9716766183      0.1073649203E-02
  0.9876661488      0.1075856125E-02
   1.003655679      0.1076816488E-02
   1.019645210      0.1077035751E-02
   1.035634740      0.1078145530E-02
   1.051624271      0.1081374186E-02
   1.067613802      0.1086447053E-02
   1.083603332      0.1092810231E-02
   1.099592863      0.1100118218E-02
   1.115582393      0.1108145275E-02
   1.131571924      0.1116709142E-02
   1.147561454      0.1125640892E-02
   1.163550985      0.1134775216E-02
   1.179540515      0.1143948735E-02
   1.195530046      0.1153001489E-02
   1.211519577      0.1161779776E-02
   1.227509107      0.1170139741E-02
   1.243498638      0.1177996011E-02
   1.259488168      0.1186067784E-02
   1.275477699      0.1192907457E-02
   1.291467229      0.1198600698E-02
   1.307456760      0.1203249031E-02
   1.323446290      0.1206963860E-02
   1.339435821      0.1209860005E-02
   1.355425351      0.1212049067E-02
   1.371414882      0.1213632956E-02
   1.387404413      0.1214697937E-02
   1.403393943      0.1215309563E-02
   1.419383474      0.1215508796E-02
   1.435294739      0.1215386730E-02
   1.451206004      0.1215021653E-02
   1.467117269      0.1214416915E-02
   1.483028534      0.1213578075E-02
   1.498939799      0.1212512851E-02
   1.514851064      0.1211231065E-02
   1.530762330      0.1209744561E-02
   1.546673595      0.1208067114E-02
   1.562584860      0.1206214316E-02
   1.578496125      0.1204203448E-02
   1.594407390      0.1202053335E-02
   1.610318655      0.1199784188E-02
   1.626229920      0.1197417424E-02
   1.642141185      0.1194975483E-02
   1.658052451      0.1192481620E-02
   1.673963716      0.1189959694E-02
   1.689874981      0.1187433943E-02
   1.705786246      0.1184928754E-02
   1.721697511      0.1182468423E-02
   1.737608776      0.1180076915E-02
   1.753520041      0.1177777625E-02
   1.769431306      0.1175593133E-02
   1.785342572      0.1173544974E-02
   1.801253837      0.1171653409E-02
   1.817165102      0.1169937210E-02
   1.833076367      0.1168413456E-02
   1.848987632      0.1167097352E-02
   1.864898897      0.1166002057E-02
   1.880810162      0.1165138545E-02
   1.896721427      0.1164515479E-02
   1.912632693      0.1164139116E-02
   1.928543958      0.1164013240E-02
   1.944455223      0.1163839485E-02
   1.960366488      0.1163319882E-02
   1.976277753      0.1162459397E-02
   1.992189018      0.1161266268E-02
   2.008100283      0.1159751927E-02
   2.024011548      0.1157930914E-02
   2.039922814      0.1155820750E-02
   2.055834079      0.1153441783E-02
   2.071745344      0.1150817014E-02
   2.087656609      0.1147971885E-02
   2.103567874      0.1144934040E-02
   2.119479139      0.1141733066E-02
   2.135390404      0.1138400198E-02
   2.151301669      0.1134968006E-02
   2.167212935      0.1131470060E-02
   2.183124200      0.1127940574E-02
   2.199035465      0.1124414044E-02
   2.214946730      0.1120924877E-02
   2.230857995      0.1117507014E-02
   2.246769260      0.1114193574E-02
   2.262680525      0.1111016494E-02
   2.278591790      0.1108006207E-02
   2.294503056      0.1105191340E-02
   2.310414321      0.1102598440E-02
   2.326325586      0.1100251748E-02
   2.342236851      0.1098173001E-02
   2.358148116      0.1096381277E-02
   2.374059381      0.1094892871E-02
   2.389970646      0.1093721210E-02
   2.405881911      0.1092876786E-02
   2.421793177      0.1092367118E-02
   2.437704442      0.1092196726E-02
   2.453176228      0.1092009082E-02
   2.468648015      0.1091466122E-02
   2.484119801      0.1090625740E-02
   2.499591588      0.1089577513E-02
   2.515063374      0.1088432016E-02
   2.530535160      0.1087306207E-02
   2.546006947      0.1086306945E-02
   2.561478733      0.1085560352E-02
   2.576950520      0.1085294685E-02
   2.592422306      0.1085234883E-02
   2.607894093      0.1085332499E-02
   2.623365879      0.1085538754E-02
   2.638837666      0.1085808709E-02
   2.654309452      0.1086103013E-02
   2.669781238      0.1086388480E-02
   2.685253025      0.1086638162E-02
   2.700724811      0.1086831258E-02
   2.716196598      0.1086980130E-02
   2.731668384      0.1087051244E-02
   2.747065710      0.1091027506E-02
   2.762463036      0.1095054557E-02
   2.777860361      0.1099093130E-02
   2.793257687      0.1103131829E-02
   2.808655013      0.1107158956E-02
   2.824052339      0.1111162432E-02
   2.839449664      0.1115129736E-02
   2.854846990      0.1119047842E-02
   2.870244316      0.1122903174E-02
   2.885641641      0.1126681568E-02
   2.901038967      0.1130368262E-02
   2.916436293      0.1133947906E-02
   2.931833619      0.1137404609E-02
   2.947230944      0.1140722020E-02
   2.962628270      0.1143883446E-02
   2.978025596      0.1146872011E-02
   2.993422921      0.1149670853E-02
   3.008820247      0.1152263344E-02
   3.024217573      0.1154633340E-02
   3.039614899      0.1156765448E-02
   3.055012224      0.1158645295E-02
   3.070409550      0.1160259791E-02
   3.085806876      0.1161597384E-02
   3.101204201      0.1162648283E-02
   3.116601527      0.1163404660E-02
   3.131998853      0.1163860803E-02
   3.147396179      0.1164013240E-02
     
