 -0.8000000000       1.233645995    
 -0.7983750000       1.234174789    
 -0.7967500000       1.082149685    
 -0.7951250000       1.052030490    
 -0.7935000000       1.322191902    
 -0.7918750000       1.557510429    
 -0.7902500000       1.805241092    
 -0.7886250000       2.093871872    
 -0.7870000000       2.446310307    
 -0.7853750000       2.895651872    
 -0.7837500000       3.420703366    
 -0.7821250000       4.072064806    
 -0.7805000000       4.946048548    
 -0.7788750000       6.048673689    
 -0.7772500000       7.598366858    
 -0.7756250000       9.699416375    
 -0.7740000000       12.53349555    
 -0.7723750000       16.13107096    
 -0.7707500000       18.14959514    
 -0.7691250000       16.42342744    
 -0.7675000000       12.64425931    
 -0.7658750000       9.801527119    
 -0.7642500000       9.341045938    
 -0.7626250000       9.983502760    
 -0.7610000000       9.893469598    
 -0.7593750000       8.529133893    
 -0.7577500000       6.754611882    
 -0.7561250000       5.685335598    
 -0.7545000000       4.987129003    
 -0.7528750000       4.424231971    
 -0.7512500000       4.065725912    
 -0.7496250000       4.102841109    
 -0.7480000000       4.317742439    
 -0.7463750000       3.984125121    
 -0.7447500000       3.572598359    
 -0.7431250000       3.243673378    
 -0.7415000000       3.016243379    
 -0.7398750000       2.733133886    
 -0.7382500000       2.430960225    
 -0.7366250000       2.269961265    
 -0.7350000000       2.171591561    
 -0.7333750000       2.182219901    
 -0.7317500000       2.078968705    
 -0.7301250000       2.334622917    
 -0.7285000000       2.736027983    
 -0.7268750000       2.353793285    
 -0.7252500000       2.148712809    
 -0.7236250000       4.137178349    
 -0.7220000000       3.732123430    
 -0.7203750000       3.607432655    
 -0.7187500000       1.566334339    
 -0.7171250000       1.199443030    
 -0.7155000000       1.306590599    
 -0.7138750000       1.099981379    
 -0.7122500000       1.066199340    
 -0.7106250000      0.9535726450    
 -0.7090000000       1.019606033    
 -0.7073750000       1.025092663    
 -0.7057500000      0.9857759820    
 -0.7041250000       1.009249479    
 -0.7025000000       1.035346419    
 -0.7008750000       1.083592848    
 -0.6992500000       1.234511200    
 -0.6976250000       1.039922461    
 -0.6960000000      0.9783661125    
 -0.6943750000      0.9294540482    
 -0.6927500000      0.9254229847    
 -0.6911250000      0.9470869120    
 -0.6895000000      0.9607108157    
 -0.6878750000       1.010698836    
 -0.6862500000      0.9337524166    
 -0.6846250000      0.8883658587    
 -0.6830000000      0.8352754710    
 -0.6813750000      0.7995445680    
 -0.6797500000      0.7553268398    
 -0.6781250000      0.7069977389    
 -0.6765000000      0.6868709786    
 -0.6748750000      0.6766995188    
 -0.6732500000      0.6802556356    
 -0.6716250000      0.7284599988    
 -0.6700000000      0.7876219477    
 -0.6683750000      0.8309171467    
 -0.6667500000      0.8506946696    
 -0.6651250000      0.8411708941    
 -0.6635000000      0.8098471661    
 -0.6618750000      0.8065834328    
 -0.6602500000      0.8271119589    
 -0.6586250000      0.8371924088    
 -0.6570000000      0.8350046722    
 -0.6553750000      0.8289684693    
 -0.6537500000      0.8299786618    
 -0.6521250000      0.8449440703    
 -0.6505000000      0.8512573372    
 -0.6488750000      0.8588548275    
 -0.6472500000      0.8657762923    
 -0.6456250000      0.8740824508    
 -0.6440000000      0.8900581388    
 -0.6423750000      0.9108157074    
 -0.6407500000      0.9394712372    
 -0.6391250000      0.9928343115    
 -0.6375000000       1.006815980    
 -0.6358750000       1.032572294    
 -0.6342500000       1.055540304    
 -0.6326250000       1.107537771    
 -0.6310000000       1.173102812    
 -0.6293750000       1.142576253    
 -0.6277500000       1.126997457    
 -0.6261250000       1.102377237    
 -0.6245000000       1.062452561    
 -0.6228750000       1.015569262    
 -0.6212500000       1.016770355    
 -0.6196250000       1.016943201    
 -0.6180000000       1.001309186    
 -0.6163750000      0.9134445869    
 -0.6147500000      0.8507184760    
 -0.6131250000      0.9256717690    
 -0.6115000000      0.9892081108    
 -0.6098750000       1.040976022    
 -0.6082500000       1.086863909    
 -0.6066250000       1.127669249    
 -0.6050000000       1.162829033    
 -0.6033750000       1.192808101    
 -0.6017500000       1.215655837    
 -0.6001250000       1.238834724    
 -0.5985000000       1.285131114    
 -0.5968750000       1.321563638    
 -0.5952500000       1.358962201    
 -0.5936250000       1.399576574    
 -0.5920000000       1.437998531    
 -0.5903750000       1.434648990    
 -0.5887500000       1.481143883    
 -0.5871250000       1.377274406    
 -0.5855000000       1.373908300    
 -0.5838750000       1.334283395    
 -0.5822500000       1.387051852    
 -0.5806250000       1.434873222    
 -0.5790000000       1.448473189    
 -0.5773750000       1.711601416    
 -0.5757500000       1.493970365    
 -0.5741250000       1.435434279    
 -0.5725000000       1.407542722    
 -0.5708750000       1.447678946    
 -0.5692500000       1.440328869    
 -0.5676250000       1.438416360    
 -0.5660000000       1.410905753    
 -0.5643750000       1.519215625    
 -0.5627500000       1.455752890    
 -0.5611250000       1.494886379    
 -0.5595000000       1.512123602    
 -0.5578750000       1.493698077    
 -0.5562500000       1.497250878    
 -0.5546250000       1.524087146    
 -0.5530000000       1.522763329    
 -0.5513750000       1.541304415    
 -0.5497500000       1.560716269    
 -0.5481250000       1.580557873    
 -0.5465000000       1.597440531    
 -0.5448750000       1.630269535    
 -0.5432500000       1.679986866    
 -0.5416250000       1.734923060    
 -0.5400000000       1.795449733    
 -0.5383750000       1.856355363    
 -0.5367500000       1.921779587    
 -0.5351250000       1.989331189    
 -0.5335000000       2.067493353    
 -0.5318750000       2.165246560    
 -0.5302500000       2.280472737    
 -0.5286250000       2.419310696    
 -0.5270000000       2.542194260    
 -0.5253750000       2.581120950    
 -0.5237500000       2.634260541    
 -0.5221250000       2.764514480    
 -0.5205000000       3.100829970    
 -0.5188750000       4.221628081    
 -0.5172500000       2.381019714    
 -0.5156250000       2.462858350    
 -0.5140000000       2.614964290    
 -0.5123750000       2.635501612    
 -0.5107500000       2.743317861    
 -0.5091250000       2.970727890    
 -0.5075000000       3.234372781    
 -0.5058750000       3.498878260    
 -0.5042500000       3.709503204    
 -0.5026250000       3.839432376    
 -0.5010000000       3.904086934    
 -0.4993750000       4.025471105    
 -0.4977500000       4.196687871    
 -0.4961250000       4.338153650    
 -0.4945000000       4.476666247    
 -0.4928750000       4.629833009    
 -0.4912500000       4.822418939    
 -0.4896250000       5.055991266    
 -0.4880000000       5.329442504    
 -0.4863750000       5.668697960    
 -0.4847500000       6.046587828    
 -0.4831250000       6.475058612    
 -0.4815000000       6.962859111    
 -0.4798750000       7.496899614    
 -0.4782500000       8.062844914    
 -0.4766250000       8.638793673    
 -0.4750000000       9.175247962    
 -0.4733750000       9.643601540    
 -0.4717500000       9.952635703    
 -0.4701250000       10.04724457    
 -0.4685000000       9.879931873    
 -0.4668750000       9.682777281    
 -0.4652500000       9.856646824    
 -0.4636250000       10.39232236    
 -0.4620000000       11.21627874    
 -0.4603750000       12.00547669    
 -0.4587500000       12.97348115    
 -0.4571250000       13.97567288    
 -0.4555000000       14.96647592    
 -0.4538750000       15.89275501    
 -0.4522500000       16.67693684    
 -0.4506250000       17.27945284    
 -0.4490000000       17.63054288    
 -0.4473750000       17.70127807    
 -0.4457500000       17.59716246    
 -0.4441250000       17.29098672    
 -0.4425000000       17.00879126    
 -0.4408750000       16.77879620    
 -0.4392500000       16.52247133    
 -0.4376250000       16.08694359    
 -0.4360000000       15.38722552    
 -0.4343750000       14.42386067    
 -0.4327500000       13.36422602    
 -0.4311250000       12.22139602    
 -0.4295000000       11.06925532    
 -0.4278750000       10.03402783    
 -0.4262500000       9.130065801    
 -0.4246250000       8.159403830    
 -0.4230000000       7.334667565    
 -0.4213750000       6.595843045    
 -0.4197500000       6.033594792    
 -0.4181250000       5.713102341    
 -0.4165000000       5.516007018    
 -0.4148750000       5.224479787    
 -0.4132500000       4.974508108    
 -0.4116250000       4.715829295    
 -0.4100000000       4.457419102    
 -0.4083750000       4.159130762    
 -0.4067500000       3.825250217    
 -0.4051250000       3.536916887    
 -0.4035000000       3.277738124    
 -0.4018750000       3.102207449    
 -0.4002500000       2.857070405    
 -0.3986250000       2.626281225    
 -0.3970000000       2.442525254    
 -0.3953750000       2.282279070    
 -0.3937500000       2.148743260    
 -0.3921250000       2.045395258    
 -0.3905000000       1.956368870    
 -0.3888750000       1.884801954    
 -0.3872500000       1.848561943    
 -0.3856250000       1.743075429    
 -0.3840000000       1.586351220    
 -0.3823750000       1.446276435    
 -0.3807500000       1.291352717    
 -0.3791250000       1.069692068    
 -0.3775000000      0.9386810728    
 -0.3758750000       1.313867253    
 -0.3742500000       1.305368686    
 -0.3726250000       1.256408440    
 -0.3710000000       1.182757033    
 -0.3693750000       1.127578957    
 -0.3677500000       1.080533350    
 -0.3661250000       1.052812986    
 -0.3645000000       1.080658363    
 -0.3628750000       1.081193565    
 -0.3612500000       1.059847110    
 -0.3596250000       1.022276503    
 -0.3580000000      0.9687916276    
 -0.3563750000      0.9274912069    
 -0.3547500000      0.8914918842    
 -0.3531250000      0.8644440308    
 -0.3515000000      0.8497591687    
 -0.3498750000      0.8279646570    
 -0.3482500000      0.8261230445    
 -0.3466250000      0.8511352746    
 -0.3450000000      0.8784249638    
 -0.3433750000      0.9205401498    
 -0.3417500000      0.8381129633    
 -0.3401250000      0.7463547540    
 -0.3385000000      0.7087708420    
 -0.3368750000      0.6718457274    
 -0.3352500000      0.6567580715    
 -0.3336250000      0.6645462784    
 -0.3320000000      0.6987356090    
 -0.3303750000      0.6481813911    
 -0.3287500000      0.6566070158    
 -0.3271250000      0.6076837925    
 -0.3255000000      0.5826202415    
 -0.3238750000      0.5844371565    
 -0.3222500000      0.5764516323    
 -0.3206250000      0.5622386815    
 -0.3190000000      0.5489126731    
 -0.3173750000      0.5413759464    
 -0.3157500000      0.5477448381    
 -0.3141250000      0.5923387325    
 -0.3125000000      0.5755928869    
 -0.3108750000      0.6202886841    
 -0.3092500000      0.6560515473    
 -0.3076250000      0.6747001313    
 -0.3060000000      0.6923734596    
 -0.3043750000      0.7609351036    
 -0.3027500000      0.6312652151    
 -0.3011250000      0.6004425191    
 -0.2995000000      0.5592183739    
 -0.2978750000      0.5593312932    
 -0.2962500000      0.4904959605    
 -0.2946250000      0.4375036468    
 -0.2930000000      0.4258657702    
 -0.2913750000      0.4490348746    
 -0.2897500000      0.4114058181    
 -0.2881250000      0.3978577618    
 -0.2865000000      0.4022370268    
 -0.2848750000      0.3855556296    
 -0.2832500000      0.3715351536    
 -0.2816250000      0.3315160429    
 -0.2800000000      0.2967524246    
 -0.2783750000      0.3228707103    
 -0.2767500000      0.3060293839    
 -0.2751250000      0.2984848897    
 -0.2735000000      0.2846012719    
 -0.2718750000      0.2768485816    
 -0.2702500000      0.2423416731    
 -0.2686250000      0.2851768057    
 -0.2670000000      0.2971084640    
 -0.2653750000      0.2898620945    
 -0.2637500000      0.2872724161    
 -0.2621250000      0.3084663251    
 -0.2605000000      0.2939573788    
 -0.2588750000      0.2937200244    
 -0.2572500000      0.2964852887    
 -0.2556250000      0.3064056499    
 -0.2540000000      0.3020957902    
 -0.2523750000      0.3101561374    
 -0.2507500000      0.2948596459    
 -0.2491250000      0.3091821727    
 -0.2475000000      0.3300629500    
 -0.2458750000      0.2880027291    
 -0.2442500000      0.3187592598    
 -0.2426250000      0.3119947689    
 -0.2410000000      0.3094171270    
 -0.2393750000      0.3118591543    
 -0.2377500000      0.3127170211    
 -0.2361250000      0.3234636188    
 -0.2345000000      0.3202181308    
 -0.2328750000      0.3131887483    
 -0.2312500000      0.3263352593    
 -0.2296250000      0.3597637741    
 -0.2280000000      0.3461509673    
 -0.2263750000      0.3596932249    
 -0.2247500000      0.3877036009    
 -0.2231250000      0.4150217294    
 -0.2215000000      0.3777384734    
 -0.2198750000      0.3970662611    
 -0.2182500000      0.4297445147    
 -0.2166250000      0.4117412855    
 -0.2150000000      0.4119243494    
 -0.2133750000      0.4155184408    
 -0.2117500000      0.4158429903    
 -0.2101250000      0.3993406703    
 -0.2085000000      0.4044223280    
 -0.2068750000      0.3924243231    
 -0.2052500000      0.3853717201    
 -0.2036250000      0.3561362780    
 -0.2020000000      0.3719698354    
 -0.2003750000      0.3722555825    
 -0.1987500000      0.3640783412    
 -0.1971250000      0.3540215793    
 -0.1955000000      0.3396462804    
 -0.1938750000      0.3377683475    
 -0.1922500000      0.3555337813    
 -0.1906250000      0.3612931479    
 -0.1890000000      0.3621747646    
 -0.1873750000      0.3532286884    
 -0.1857500000      0.3624536299    
 -0.1841250000      0.3641565759    
 -0.1825000000      0.3644079137    
 -0.1808750000      0.3634390685    
 -0.1792500000      0.3785658194    
 -0.1776250000      0.3806075089    
 -0.1760000000      0.3886157965    
 -0.1743750000      0.3955045974    
 -0.1727500000      0.4064837150    
 -0.1711250000      0.4150428114    
 -0.1695000000      0.4261183169    
 -0.1678750000      0.4326207701    
 -0.1662500000      0.4416299270    
 -0.1646250000      0.4577031390    
 -0.1630000000      0.4773543330    
 -0.1613750000      0.4711457627    
 -0.1597500000      0.4762123194    
 -0.1581250000      0.5540824415    
 -0.1565000000      0.4878365448    
 -0.1548750000      0.5071181383    
 -0.1532500000      0.5143395153    
 -0.1516250000      0.5335619871    
 -0.1500000000      0.5429506548    
 -0.1483750000      0.5685414170    
 -0.1467500000      0.6035251621    
 -0.1451250000      0.6166860581    
 -0.1435000000      0.6075198977    
 -0.1418750000      0.6509163620    
 -0.1402500000      0.6589714123    
 -0.1386250000      0.6778881061    
 -0.1370000000      0.6011338271    
 -0.1353750000      0.7143798169    
 -0.1337500000      0.7252924392    
 -0.1321250000      0.7118303263    
 -0.1305000000      0.6674211308    
 -0.1288750000      0.6859255241    
 -0.1272500000      0.6828246411    
 -0.1256250000      0.6886261882    
 -0.1240000000      0.7093714032    
 -0.1223750000      0.7057709012    
 -0.1207500000      0.7092400623    
 -0.1191250000      0.7125117994    
 -0.1175000000      0.7424229028    
 -0.1158750000      0.7643590312    
 -0.1142500000      0.7889689500    
 -0.1126250000      0.8142089383    
 -0.1110000000      0.8398482401    
 -0.1093750000      0.8573103791    
 -0.1077500000      0.8821178679    
 -0.1061250000      0.8916601639    
 -0.1045000000      0.9071733320    
 -0.1028750000      0.9337121629    
 -0.1012500000      0.9559136458    
 -0.9962500000E-01  0.9867304325    
 -0.9800000000E-01   1.019811867    
 -0.9637500000E-01   1.035368722    
 -0.9475000000E-01   1.087031036    
 -0.9312500000E-01   1.111996675    
 -0.9150000000E-01   1.141749211    
 -0.8987500000E-01   1.177627819    
 -0.8825000000E-01   1.214675755    
 -0.8662500000E-01   1.271771822    
 -0.8500000000E-01   1.300582765    
 -0.8337500000E-01   1.361891832    
 -0.8175000000E-01   1.424334405    
 -0.8012500000E-01   1.483499848    
 -0.7850000000E-01   1.537611006    
 -0.7687500000E-01   1.600991970    
 -0.7525000000E-01   1.668820407    
 -0.7362500000E-01   1.780664719    
 -0.7200000000E-01   1.923501470    
 -0.7037500000E-01   2.113146093    
 -0.6875000000E-01   2.240179283    
 -0.6712500000E-01   2.736138092    
 -0.6550000000E-01   2.796025377    
 -0.6387500000E-01   2.560687896    
 -0.6225000000E-01   2.372753995    
 -0.6062500000E-01   2.384002788    
 -0.5900000000E-01   2.495913264    
 -0.5737500000E-01   2.588478454    
 -0.5575000000E-01   2.741572287    
 -0.5412500000E-01   2.871439951    
 -0.5250000000E-01   3.111678856    
 -0.5087500000E-01   3.340784307    
 -0.4925000000E-01   3.597869331    
 -0.4762500000E-01   3.888088496    
 -0.4600000000E-01   4.217889714    
 -0.4437500000E-01   4.596114382    
 -0.4275000000E-01   5.026214075    
 -0.4112500000E-01   5.526746139    
 -0.3950000000E-01   6.112348679    
 -0.3787500000E-01   6.803189637    
 -0.3625000000E-01   7.626367501    
 -0.3462500000E-01   8.618784879    
 -0.3300000000E-01   9.832641578    
 -0.3137500000E-01   11.34056198    
 -0.2975000000E-01   13.24949236    
 -0.2812500000E-01   15.72108100    
 -0.2650000000E-01   19.00868618    
 -0.2487500000E-01   23.52931083    
 -0.2325000000E-01   30.00969765    
 -0.2162500000E-01   39.80395009    
 -0.2000000000E-01   55.62154138    
 -0.1837500000E-01   83.12983075    
 -0.1675000000E-01   132.3183983    
 -0.1512500000E-01   197.5877094    
 -0.1350000000E-01   224.9260793    
 -0.1187500000E-01   285.9924798    
 -0.1025000000E-01   85.30694486    
 -0.8625000000E-02   3.671201094    
 -0.7000000000E-02   162.4176827    
 -0.5375000000E-02   245.9500598    
 -0.3750000000E-02   288.8156348    
 -0.2125000000E-02   212.9691149    
 -0.5000000000E-03   129.5249901    
  0.1125000000E-02   81.87328852    
  0.2750000000E-02   55.85691160    
  0.4375000000E-02   40.60642799    
  0.6000000000E-02   30.97940990    
  0.7625000000E-02   24.52285837    
  0.9250000000E-02   19.98215836    
  0.1087500000E-01   16.66647552    
  0.1250000000E-01   14.17343135    
  0.1412500000E-01   12.25433655    
  0.1575000000E-01   10.74146307    
  0.1737500000E-01   9.531459533    
  0.1900000000E-01   8.555637007    
  0.2062500000E-01   7.751210953    
  0.2225000000E-01   7.085294890    
  0.2387500000E-01   6.523344970    
  0.2550000000E-01   6.060232477    
  0.2712500000E-01   5.664285113    
  0.2875000000E-01   5.307790652    
  0.3037500000E-01   5.035835293    
  0.3200000000E-01   4.795019363    
  0.3362500000E-01   4.590870610    
  0.3525000000E-01   4.417411327    
  0.3687500000E-01   4.278443356    
  0.3850000000E-01   4.163551237    
  0.4012500000E-01   4.075287756    
  0.4175000000E-01   4.009445065    
  0.4337500000E-01   3.959060873    
  0.4500000000E-01   3.926666857    
  0.4662500000E-01   3.926892569    
  0.4825000000E-01   3.936888916    
  0.4987500000E-01   3.966733627    
  0.5150000000E-01   4.012851811    
  0.5312500000E-01   4.081705736    
  0.5475000000E-01   4.172755663    
  0.5637500000E-01   4.286390053    
  0.5800000000E-01   4.423503877    
  0.5962500000E-01   4.571227140    
  0.6125000000E-01   4.777088246    
  0.6287500000E-01   5.008360595    
  0.6450000000E-01   5.275498041    
  0.6612500000E-01   5.589189112    
  0.6775000000E-01   5.970389636    
  0.6937500000E-01   6.419649270    
  0.7100000000E-01   6.948796777    
  0.7262500000E-01   7.615794842    
  0.7425000000E-01   8.339629296    
  0.7587500000E-01   9.233612422    
  0.7750000000E-01   10.14203990    
  0.7912500000E-01   11.74484803    
  0.8075000000E-01   12.89049991    
  0.8237500000E-01   13.00290982    
  0.8400000000E-01   6.533766224    
  0.8562500000E-01   6.038647276    
  0.8725000000E-01   4.715143905    
  0.8887500000E-01   9.749790167    
  0.9050000000E-01   15.16837632    
  0.9212500000E-01   23.92483687    
  0.9375000000E-01   35.65079034    
  0.9537500000E-01   52.74977070    
  0.9700000000E-01   79.12623032    
  0.9862500000E-01   127.7721667    
  0.1002500000       211.7244301    
  0.1018750000       308.5887367    
  0.1035000000       354.8008682    
  0.1051250000       330.3708040    
  0.1067500000       250.0746949    
  0.1083750000       161.9228045    
  0.1100000000       102.9615314    
  0.1116250000       69.41164219    
  0.1132500000       49.96569947    
  0.1148750000       37.94128904    
  0.1165000000       30.16315597    
  0.1181250000       25.11320914    
  0.1197500000       21.69453043    
  0.1213750000       19.16296174    
  0.1230000000       17.67070945    
  0.1246250000       17.14876625    
  0.1262500000       18.02827036    
  0.1278750000       19.95070881    
  0.1295000000       23.63584791    
  0.1311250000       30.48432963    
  0.1327500000       43.53322626    
  0.1343750000       63.03821025    
  0.1360000000       95.10526971    
  0.1376250000       139.3846623    
  0.1392500000       142.9325975    
  0.1408750000       99.09262728    
  0.1425000000       57.47468169    
  0.1441250000       36.90150927    
  0.1457500000       26.09035012    
  0.1473750000       18.84691654    
  0.1490000000       13.88038296    
  0.1506250000       10.66278001    
  0.1522500000       8.618397214    
  0.1538750000       7.347016452    
  0.1555000000       6.256327372    
  0.1571250000       5.229526294    
  0.1587500000       4.712336033    
  0.1603750000       4.352893316    
  0.1620000000       3.968997399    
  0.1636250000       3.568584940    
  0.1652500000       3.301211450    
  0.1668750000       2.965244492    
  0.1685000000       2.761553111    
  0.1701250000       2.663228159    
  0.1717500000       2.495876430    
  0.1733750000       2.398385244    
  0.1750000000       2.329317843    
  0.1766250000       2.165254801    
  0.1782500000       2.045402383    
  0.1798750000       1.968130479    
  0.1815000000       1.884178543    
  0.1831250000       1.904250026    
  0.1847500000       1.761632674    
  0.1863750000       1.742768482    
  0.1880000000       1.689974121    
  0.1896250000       1.607053276    
  0.1912500000       1.575166304    
  0.1928750000       1.528169590    
  0.1945000000       1.461381724    
  0.1961250000       1.477506911    
  0.1977500000       1.486235829    
  0.1993750000       1.418696934    
  0.2010000000       1.384788075    
  0.2026250000       1.399416222    
  0.2042500000       1.389195372    
  0.2058750000       1.303514500    
  0.2075000000       1.359069628    
  0.2091250000       1.364404567    
  0.2107500000       1.365585987    
  0.2123750000       1.263862776    
  0.2140000000       1.267720607    
  0.2156250000       1.317686777    
  0.2172500000       1.283527790    
  0.2188750000       1.293262353    
  0.2205000000       1.383950528    
  0.2221250000       1.352750667    
  0.2237500000       1.373311424    
  0.2253750000       1.402624165    
  0.2270000000       1.400416457    
  0.2286250000       1.434334353    
  0.2302500000       1.518711724    
  0.2318750000       1.491252805    
  0.2335000000       1.493386084    
  0.2351250000       1.527866124    
  0.2367500000       1.616390337    
  0.2383750000       1.433700214    
  0.2400000000       1.406369100    
  0.2416250000       1.469279079    
  0.2432500000       1.357593958    
  0.2448750000       1.497208357    
  0.2465000000       1.417357503    
  0.2481250000       1.734137843    
  0.2497500000       2.315548817    
  0.2513750000       1.802914656    
  0.2530000000       1.631495261    
  0.2546250000       1.611069967    
  0.2562500000       1.837738787    
  0.2578750000       2.752979537    
  0.2595000000       1.910586414    
  0.2611250000       3.656167563    
  0.2627500000       1.537020248    
  0.2643750000       1.638940418    
  0.2660000000       3.113717255    
  0.2676250000       1.200343801    
  0.2692500000       1.647966741    
  0.2708750000       2.536259602    
  0.2725000000       3.690303542    
  0.2741250000       5.794971781    
  0.2757500000       15.83421465    
  0.2773750000       12.22589538    
  0.2790000000       11.47943742    
  0.2806250000       10.68415622    
  0.2822500000       15.52998970    
  0.2838750000       31.81482462    
  0.2855000000       605.2559892    
  0.2871250000       81.41688130    
  0.2887500000       38.56012664    
  0.2903750000       28.65320807    
  0.2920000000       40.81990965    
  0.2936250000       74.21750093    
  0.2952500000       157.2132802    
  0.2968750000       311.2399557    
  0.2985000000       177.3413822    
  0.3001250000       142.1055123    
  0.3017500000       64.49910739    
  0.3033750000       35.05980488    
  0.3050000000       29.32492676    
  0.3066250000       19.41811557    
  0.3082500000       10.68474122    
  0.3098750000       6.938832325    
  0.3115000000       5.166535560    
  0.3131250000       10.06221336    
  0.3147500000       3.830943699    
  0.3163750000       3.790425683    
  0.3180000000       2.839748602    
  0.3196250000       2.026227603    
  0.3212500000       2.013797442    
  0.3228750000       1.650698645    
  0.3245000000       1.888107912    
  0.3261250000       1.520298242    
  0.3277500000       1.347253393    
  0.3293750000       2.619396060    
  0.3310000000      0.9018385344    
  0.3326250000      0.8832667182    
  0.3342500000      0.8565585689    
  0.3358750000      0.9954099362    
  0.3375000000       1.233894425    
  0.3391250000       1.540413885    
  0.3407500000       3.057499187    
  0.3423750000       1.658812131    
  0.3440000000       1.414833028    
  0.3456250000       1.254069909    
  0.3472500000       1.660696094    
  0.3488750000       1.894661819    
  0.3505000000       2.111420739    
  0.3521250000       2.376092265    
  0.3537500000       2.660252305    
  0.3553750000       2.659840761    
  0.3570000000       2.833102053    
  0.3586250000       2.992591420    
  0.3602500000       2.908690353    
  0.3618750000       3.339033117    
  0.3635000000       4.417426267    
  0.3651250000       4.000119803    
  0.3667500000       5.085818340    
  0.3683750000       4.484758726    
  0.3700000000       4.047073140    
  0.3716250000       3.932068022    
  0.3732500000       4.501613244    
  0.3748750000       6.565232054    
  0.3765000000       9.501522693    
  0.3781250000       8.626529949    
  0.3797500000       10.44047172    
  0.3813750000       10.28329947    
  0.3830000000       7.991488159    
  0.3846250000       11.58878644    
  0.3862500000       16.61819193    
  0.3878750000       24.13660214    
  0.3895000000       25.76852343    
  0.3911250000       30.71424402    
  0.3927500000       40.51142341    
  0.3943750000       58.97296096    
  0.3960000000       77.77894772    
  0.3976250000       106.9231858    
  0.3992500000       183.3090670    
  0.4008750000       109.9870598    
  0.4025000000       151.4182416    
  0.4041250000       239.7831576    
  0.4057500000       224.4923457    
  0.4073750000       201.4927646    
  0.4090000000       281.0298055    
  0.4106250000       347.7077363    
  0.4122500000       244.7484073    
  0.4138750000       146.2596851    
  0.4155000000       86.08806822    
  0.4171250000       62.65561342    
  0.4187500000       53.38070839    
  0.4203750000       43.01333445    
  0.4220000000       34.88786312    
  0.4236250000       37.56776732    
  0.4252500000       35.71306817    
  0.4268750000       28.87161138    
  0.4285000000       17.45356246    
  0.4301250000       13.56150406    
  0.4317500000       14.12036679    
  0.4333750000       12.91028213    
  0.4350000000       11.76303977    
  0.4366250000       10.66747181    
  0.4382500000       9.579208511    
  0.4398750000       8.580800642    
  0.4415000000       7.850298873    
  0.4431250000       7.703482797    
  0.4447500000       6.866150293    
  0.4463750000       6.150321216    
  0.4480000000       5.620706184    
  0.4496250000       6.039247869    
  0.4512500000       6.060103436    
  0.4528750000       6.882720474    
  0.4545000000       6.977903104    
  0.4561250000       5.702774510    
  0.4577500000       4.590788089    
  0.4593750000       4.742108513    
  0.4610000000       5.959436892    
  0.4626250000       4.361682197    
  0.4642500000       5.751934614    
  0.4658750000       3.709682661    
  0.4675000000       2.636925558    
  0.4691250000       2.432392367    
  0.4707500000       2.549257781    
  0.4723750000       2.673988226    
  0.4740000000       2.722321569    
  0.4756250000       2.657313761    
  0.4772500000       2.570848433    
  0.4788750000       2.530018475    
  0.4805000000       2.564924757    
  0.4821250000       3.191469845    
  0.4837500000       2.991905089    
  0.4853750000       2.733508574    
  0.4870000000       2.547840564    
  0.4886250000       2.405592954    
  0.4902500000       2.605873081    
  0.4918750000       2.677796930    
  0.4935000000       2.672249847    
  0.4951250000       2.616822391    
  0.4967500000       3.266705386    
  0.4983750000       3.260215422    
     
 -0.4490921551       0.000000000    
 -0.4490921551       210.5166950    
     
 -0.8880371772E-02   0.000000000    
 -0.8880371772E-02   210.5166950    
     
 -0.8880371694E-02   0.000000000    
 -0.8880371694E-02   210.5166950    
     
 -0.8880371694E-02   0.000000000    
 -0.8880371694E-02   210.5166950    
     
  0.8347326035E-01   0.000000000    
  0.8347326035E-01   210.5166950    
     
  0.8347326043E-01   0.000000000    
  0.8347326043E-01   210.5166950    
     
  0.8347326043E-01   0.000000000    
  0.8347326043E-01   210.5166950    
     
  0.1082471941       0.000000000    
  0.1082471941       210.5166950    
     
  0.2722011482       0.000000000    
  0.2722011482       210.5166950    
     
  0.2751215087       0.000000000    
  0.2751215087       210.5166950    
     
  0.2751215087       0.000000000    
  0.2751215087       210.5166950    
     
  0.3985573554       0.000000000    
  0.3985573554       210.5166950    
     
  0.3985573556       0.000000000    
  0.3985573556       210.5166950    
     
  0.3985573556       0.000000000    
  0.3985573556       210.5166950    
     
  0.5441096240       0.000000000    
  0.5441096240       210.5166950    
     
  0.8291470074       0.000000000    
  0.8291470074       210.5166950    
     
  0.8291470074       0.000000000    
  0.8291470074       210.5166950    
     
  0.8291470075       0.000000000    
  0.8291470075       210.5166950    
     
  0.8700428382       0.000000000    
  0.8700428382       210.5166950    
     
  0.8700428382       0.000000000    
  0.8700428382       210.5166950    
     
  0.9259938135       0.000000000    
  0.9259938135       210.5166950    
     
  0.9259938154       0.000000000    
  0.9259938154       210.5166950    
     
  0.9259938154       0.000000000    
  0.9259938154       210.5166950    
     
   1.070509290       0.000000000    
   1.070509290       210.5166950    
     
   1.070509299       0.000000000    
   1.070509299       210.5166950    
     
   1.070509299       0.000000000    
   1.070509299       210.5166950    
     
   1.246855885       0.000000000    
   1.246855885       210.5166950    
     
   1.246855886       0.000000000    
   1.246855886       210.5166950    
     
   1.246855886       0.000000000    
   1.246855886       210.5166950    
     
   1.385428722       0.000000000    
   1.385428722       210.5166950    
     
   1.385428722       0.000000000    
   1.385428722       210.5166950    
     
   1.392200748       0.000000000    
   1.392200748       210.5166950    
     
   1.470137005       0.000000000    
   1.470137005       210.5166950    
     
   1.470137005       0.000000000    
   1.470137005       210.5166950    
     
   1.534907205       0.000000000    
   1.534907205       210.5166950    
     
   1.534907205       0.000000000    
   1.534907205       210.5166950    
     
   1.534907218       0.000000000    
   1.534907218       210.5166950    
     
   1.608859956       0.000000000    
   1.608859956       210.5166950    
     
   1.608859956       0.000000000    
   1.608859956       210.5166950    
     
   1.608859957       0.000000000    
   1.608859957       210.5166950    
     
   1.633749355       0.000000000    
   1.633749355       210.5166950    
     
   1.645568484       0.000000000    
   1.645568484       210.5166950    
     
   1.645568484       0.000000000    
   1.645568484       210.5166950    
     
   1.645568486       0.000000000    
   1.645568486       210.5166950    
     
   1.650509122       0.000000000    
   1.650509122       210.5166950    
     
